Unity Editor version:    2022.3.28f1 (6bae5ce6b222)
Branch:                  2022.3/staging
Build type:              Release
Batch mode:              YES
macOS version:           Version 14.3.1 (Build 23D60)
Darwin version:          23.3.0
Architecture:            arm64
Running under Rosetta:   NO
Available memory:        16384 MB
Using pre-set license
Pro License: YES

COMMAND LINE ARGUMENTS:
/Applications/Unity/Hub/Editor/2022.3.28f1/Unity.app/Contents/MacOS/Unity
-adb2
-batchMode
-noUpm
-name
AssetImportWorker0
-projectPath
/Users/razvanpavelescu/enigma-lake/zoot-unity-sdk/Zoot SDK
-logFile
Logs/AssetImportWorker0.log
-srvPort
50320
Successfully changed project path to: /Users/razvanpavelescu/enigma-lake/zoot-unity-sdk/Zoot SDK
/Users/razvanpavelescu/enigma-lake/zoot-unity-sdk/Zoot SDK
[UnityMemory] Configuration Parameters - Can be set up in boot.config
    "memorysetup-bucket-allocator-granularity=16"
    "memorysetup-bucket-allocator-bucket-count=8"
    "memorysetup-bucket-allocator-block-size=33554432"
    "memorysetup-bucket-allocator-block-count=8"
    "memorysetup-main-allocator-block-size=16777216"
    "memorysetup-thread-allocator-block-size=16777216"
    "memorysetup-gfx-main-allocator-block-size=16777216"
    "memorysetup-gfx-thread-allocator-block-size=16777216"
    "memorysetup-cache-allocator-block-size=4194304"
    "memorysetup-typetree-allocator-block-size=2097152"
    "memorysetup-profiler-bucket-allocator-granularity=16"
    "memorysetup-profiler-bucket-allocator-bucket-count=8"
    "memorysetup-profiler-bucket-allocator-block-size=33554432"
    "memorysetup-profiler-bucket-allocator-block-count=8"
    "memorysetup-profiler-allocator-block-size=16777216"
    "memorysetup-profiler-editor-allocator-block-size=1048576"
    "memorysetup-temp-allocator-size-main=16777216"
    "memorysetup-job-temp-allocator-block-size=2097152"
    "memorysetup-job-temp-allocator-block-size-background=1048576"
    "memorysetup-job-temp-allocator-reduction-small-platforms=262144"
    "memorysetup-allocator-temp-initial-block-size-main=262144"
    "memorysetup-allocator-temp-initial-block-size-worker=262144"
    "memorysetup-temp-allocator-size-background-worker=32768"
    "memorysetup-temp-allocator-size-job-worker=262144"
    "memorysetup-temp-allocator-size-preload-manager=33554432"
    "memorysetup-temp-allocator-size-nav-mesh-worker=65536"
    "memorysetup-temp-allocator-size-audio-worker=65536"
    "memorysetup-temp-allocator-size-cloud-worker=32768"
    "memorysetup-temp-allocator-size-gi-baking-worker=262144"
    "memorysetup-temp-allocator-size-gfx=262144"
Player connection [7951391808] Host "[IP] 192.168.1.132 [Port] 0 [Flags] 2 [Guid] 219841422 [EditorId] 219841422 [Version] 1048832 [Id] OSXEditor(0,Razvans-MacBook-Pro.local) [Debug] 1 [PackageName] OSXEditor [ProjectName] Editor" joined multi-casting on [225.0.0.222:54997]...

Player connection [7951391808] Host "[IP] 192.168.1.132 [Port] 0 [Flags] 2 [Guid] 219841422 [EditorId] 219841422 [Version] 1048832 [Id] OSXEditor(0,Razvans-MacBook-Pro.local) [Debug] 1 [PackageName] OSXEditor [ProjectName] Editor" joined alternative multi-casting on [225.0.0.222:34997]...

[Physics::Module] Initialized MultithreadedJobDispatcher with 9 workers.
Refreshing native plugins compatible for Editor in 30.10 ms, found 2 plugins.
Preloading 0 native plugins for Editor in 0.00 ms.
Initialize engine version: 2022.3.28f1 (6bae5ce6b222)
[Subsystems] Discovering subsystems at path /Applications/Unity/Hub/Editor/2022.3.28f1/Unity.app/Contents/Resources/UnitySubsystems
[Subsystems] Discovering subsystems at path /Users/razvanpavelescu/enigma-lake/zoot-unity-sdk/Zoot SDK/Assets
GfxDevice: creating device client; threaded=0; jobified=0
 preferred device: Apple M1 Pro (high power)
Metal devices available: 1
0: Apple M1 Pro (high power)
Using device Apple M1 Pro (high power)
Initializing Metal device caps: Apple M1 Pro
Initialize mono
Mono path[0] = '/Applications/Unity/Hub/Editor/2022.3.28f1/Unity.app/Contents/Managed'
Mono path[1] = '/Applications/Unity/Hub/Editor/2022.3.28f1/Unity.app/Contents/MonoBleedingEdge/lib/mono/unityjit-macos'
Mono config path = '/Applications/Unity/Hub/Editor/2022.3.28f1/Unity.app/Contents/MonoBleedingEdge/etc'
Using monoOptions --debugger-agent=transport=dt_socket,embedding=1,server=y,suspend=n,address=127.0.0.1:56978
Begin MonoManager ReloadAssembly
Registering precompiled unity dll's ...
Register platform support module: /Applications/Unity/Hub/Editor/2022.3.28f1/PlaybackEngines/WebGLSupport/UnityEditor.WebGL.Extensions.dll
Register platform support module: /Applications/Unity/Hub/Editor/2022.3.28f1/Unity.app/Contents/PlaybackEngines/MacStandaloneSupport/UnityEditor.OSXStandalone.Extensions.dll
Registered in 0.000999 seconds.
- Loaded All Assemblies, in  0.277 seconds
Native extension for OSXStandalone target not found
Native extension for WebGL target not found
Mono: successfully reloaded assembly
- Finished resetting the current domain, in  0.181 seconds
Domain Reload Profiling: 458ms
	BeginReloadAssembly (96ms)
		ExecutionOrderSort (0ms)
		DisableScriptedObjects (0ms)
		BackupInstance (0ms)
		ReleaseScriptingObjects (0ms)
		CreateAndSetChildDomain (0ms)
	RebuildCommonClasses (27ms)
	RebuildNativeTypeToScriptingClass (9ms)
	initialDomainReloadingComplete (31ms)
	LoadAllAssembliesAndSetupDomain (113ms)
		LoadAssemblies (96ms)
		RebuildTransferFunctionScriptingTraits (0ms)
		AnalyzeDomain (112ms)
			TypeCache.Refresh (111ms)
				TypeCache.ScanAssembly (100ms)
			ScanForSourceGeneratedMonoScriptInfo (0ms)
			ResolveRequiredComponents (0ms)
	FinalizeReload (181ms)
		ReleaseScriptCaches (0ms)
		RebuildScriptCaches (0ms)
		SetupLoadedEditorAssemblies (134ms)
			LogAssemblyErrors (0ms)
			InitializePlatformSupportModulesInManaged (6ms)
			SetLoadedEditorAssemblies (4ms)
			RefreshPlugins (0ms)
			BeforeProcessingInitializeOnLoad (2ms)
			ProcessInitializeOnLoadAttributes (93ms)
			ProcessInitializeOnLoadMethodAttributes (29ms)
			AfterProcessingInitializeOnLoad (0ms)
			EditorAssembliesLoaded (0ms)
		ExecutionOrderSort2 (0ms)
		AwakeInstancesAfterBackupRestoration (0ms)
========================================================================
Worker process is ready to serve import requests
Begin MonoManager ReloadAssembly
- Loaded All Assemblies, in  0.745 seconds
Refreshing native plugins compatible for Editor in 2.60 ms, found 2 plugins.
Native extension for OSXStandalone target not found
Native extension for WebGL target not found
Package Manager log level set to [2]
[Package Manager] Server::EnsureServerProcessIsRunning -- launch failed, reason: Unity was launched with the -noUpm command-line argument
[Package Manager] UpmClient::Send -- Unable to send message (not connected to UPM process).
[Package Manager] Cannot connect to Unity Package Manager local server
Mono: successfully reloaded assembly
- Finished resetting the current domain, in  0.475 seconds
Domain Reload Profiling: 1220ms
	BeginReloadAssembly (95ms)
		ExecutionOrderSort (0ms)
		DisableScriptedObjects (3ms)
		BackupInstance (0ms)
		ReleaseScriptingObjects (0ms)
		CreateAndSetChildDomain (17ms)
	RebuildCommonClasses (33ms)
	RebuildNativeTypeToScriptingClass (10ms)
	initialDomainReloadingComplete (35ms)
	LoadAllAssembliesAndSetupDomain (572ms)
		LoadAssemblies (449ms)
		RebuildTransferFunctionScriptingTraits (0ms)
		AnalyzeDomain (172ms)
			TypeCache.Refresh (159ms)
				TypeCache.ScanAssembly (129ms)
			ScanForSourceGeneratedMonoScriptInfo (9ms)
			ResolveRequiredComponents (4ms)
	FinalizeReload (475ms)
		ReleaseScriptCaches (0ms)
		RebuildScriptCaches (0ms)
		SetupLoadedEditorAssemblies (358ms)
			LogAssemblyErrors (0ms)
			InitializePlatformSupportModulesInManaged (4ms)
			SetLoadedEditorAssemblies (4ms)
			RefreshPlugins (0ms)
			BeforeProcessingInitializeOnLoad (53ms)
			ProcessInitializeOnLoadAttributes (280ms)
			ProcessInitializeOnLoadMethodAttributes (14ms)
			AfterProcessingInitializeOnLoad (2ms)
			EditorAssembliesLoaded (0ms)
		ExecutionOrderSort2 (0ms)
		AwakeInstancesAfterBackupRestoration (3ms)
Launching external process: /Applications/Unity/Hub/Editor/2022.3.28f1/Unity.app/Contents/Tools/UnityShaderCompiler
Launched and connected shader compiler UnityShaderCompiler after 0.05 seconds
Refreshing native plugins compatible for Editor in 2.87 ms, found 2 plugins.
Preloading 0 native plugins for Editor in 0.00 ms.
Unloading 3167 Unused Serialized files (Serialized files now loaded: 0)
Unloading 89 unused Assets / (81.1 KB). Loaded Objects now: 3575.
Memory consumption went from 137.1 MB to 137.0 MB.
Total: 2.792042 ms (FindLiveObjects: 0.109875 ms CreateObjectMapping: 0.038417 ms MarkObjects: 2.509583 ms  DeleteObjects: 0.133583 ms)

AssetImportParameters requested are different than current active one (requested -> active):
  custom:container-demuxer-ogg: 62fdf1f143b41e24485cea50d1cbac27 -> 
  custom:video-decoder-ogg-theora: a1e56fd34408186e4bbccfd4996cb3dc -> 
  custom:CustomObjectIndexerAttribute: 9a22284fe3817be447336de3de66b15e -> 
  custom:container-demuxer-webm: 4f35f7cbe854078d1ac9338744f61a02 -> 
  custom:container-muxer-webm: aa71ff27fc2769a1b78a27578f13a17b -> 
  custom:video-decoder-webm-vp8: 9c59270c3fd7afecdb556c50c9e8de78 -> 
  custom:SearchIndexIgnoredProperties: e643bd26f0fe6173181afceb89e7c659 -> 
  custom:AudioImporter_EditorPlatform: 3918e3fc78b5a79bad01e8451be0beb8 -> 
  custom:scripting/monoscript/fileName/NewClass.cs: 309dad81748c1322e3da302f7e3f53d2 -> 
  custom:framework-osx-AVFoundation: e770b220cccbd017edd2c1fefb359320 -> 
  custom:video-encoder-webm-vp8: eb34c28f22e8b96e1ab97ce403110664 -> 
  custom:audio-decoder-ogg-vorbis: bf7c407c2cedff20999df2af8eb42d56 -> 
  custom:audio-encoder-webm-vorbis: bf7c407c2cedff20999df2af8eb42d56 -> 
========================================================================
Received Prepare
Begin MonoManager ReloadAssembly
Thread 0x2a7ecb000 may have been prematurely finalized
- Loaded All Assemblies, in  0.496 seconds
Refreshing native plugins compatible for Editor in 3.00 ms, found 2 plugins.
Native extension for OSXStandalone target not found
Native extension for WebGL target not found
[Package Manager] Server::EnsureServerProcessIsRunning -- launch failed, reason: Unity was launched with the -noUpm command-line argument
[Package Manager] UpmClient::Send -- Unable to send message (not connected to UPM process).
[Package Manager] Cannot connect to Unity Package Manager local server
Mono: successfully reloaded assembly
- Finished resetting the current domain, in  0.750 seconds
Domain Reload Profiling: 1246ms
	BeginReloadAssembly (113ms)
		ExecutionOrderSort (0ms)
		DisableScriptedObjects (4ms)
		BackupInstance (0ms)
		ReleaseScriptingObjects (0ms)
		CreateAndSetChildDomain (42ms)
	RebuildCommonClasses (29ms)
	RebuildNativeTypeToScriptingClass (9ms)
	initialDomainReloadingComplete (22ms)
	LoadAllAssembliesAndSetupDomain (323ms)
		LoadAssemblies (333ms)
		RebuildTransferFunctionScriptingTraits (0ms)
		AnalyzeDomain (26ms)
			TypeCache.Refresh (19ms)
				TypeCache.ScanAssembly (0ms)
			ScanForSourceGeneratedMonoScriptInfo (0ms)
			ResolveRequiredComponents (7ms)
	FinalizeReload (750ms)
		ReleaseScriptCaches (0ms)
		RebuildScriptCaches (0ms)
		SetupLoadedEditorAssemblies (288ms)
			LogAssemblyErrors (0ms)
			InitializePlatformSupportModulesInManaged (4ms)
			SetLoadedEditorAssemblies (3ms)
			RefreshPlugins (0ms)
			BeforeProcessingInitializeOnLoad (45ms)
			ProcessInitializeOnLoadAttributes (222ms)
			ProcessInitializeOnLoadMethodAttributes (14ms)
			AfterProcessingInitializeOnLoad (1ms)
			EditorAssembliesLoaded (0ms)
		ExecutionOrderSort2 (0ms)
		AwakeInstancesAfterBackupRestoration (2ms)
Refreshing native plugins compatible for Editor in 3.54 ms, found 2 plugins.
Preloading 0 native plugins for Editor in 0.00 ms.
Unloading 3147 Unused Serialized files (Serialized files now loaded: 0)
Unloading 80 unused Assets / (61.0 KB). Loaded Objects now: 3578.
Memory consumption went from 141.0 MB to 140.9 MB.
Total: 2.826750 ms (FindLiveObjects: 0.125667 ms CreateObjectMapping: 0.037875 ms MarkObjects: 2.538875 ms  DeleteObjects: 0.123625 ms)

Prepare: number of updated asset objects reloaded= 0
AssetImportParameters requested are different than current active one (requested -> active):
  custom:container-demuxer-ogg: 62fdf1f143b41e24485cea50d1cbac27 -> 
  custom:video-decoder-ogg-theora: a1e56fd34408186e4bbccfd4996cb3dc -> 
  custom:CustomObjectIndexerAttribute: 9a22284fe3817be447336de3de66b15e -> 
  custom:container-demuxer-webm: 4f35f7cbe854078d1ac9338744f61a02 -> 
  custom:container-muxer-webm: aa71ff27fc2769a1b78a27578f13a17b -> 
  custom:video-decoder-webm-vp8: 9c59270c3fd7afecdb556c50c9e8de78 -> 
  custom:SearchIndexIgnoredProperties: e643bd26f0fe6173181afceb89e7c659 -> 
  custom:AudioImporter_EditorPlatform: 3918e3fc78b5a79bad01e8451be0beb8 -> 
  custom:scripting/monoscript/fileName/NewClass.cs: 309dad81748c1322e3da302f7e3f53d2 -> 
  custom:framework-osx-AVFoundation: e770b220cccbd017edd2c1fefb359320 -> 
  custom:video-encoder-webm-vp8: eb34c28f22e8b96e1ab97ce403110664 -> 
  custom:audio-decoder-ogg-vorbis: bf7c407c2cedff20999df2af8eb42d56 -> 
  custom:audio-encoder-webm-vorbis: bf7c407c2cedff20999df2af8eb42d56 -> 
========================================================================
Received Prepare
Refreshing native plugins compatible for Editor in 4.87 ms, found 2 plugins.
Preloading 0 native plugins for Editor in 0.00 ms.
Unloading 1 Unused Serialized files (Serialized files now loaded: 0)
Unloading 1 unused Assets / (3.1 KB). Loaded Objects now: 3578.
Memory consumption went from 91.6 MB to 91.6 MB.
Total: 6.591208 ms (FindLiveObjects: 0.191792 ms CreateObjectMapping: 0.035375 ms MarkObjects: 6.320833 ms  DeleteObjects: 0.042833 ms)

Prepare: number of updated asset objects reloaded= 0
AssetImportParameters requested are different than current active one (requested -> active):
  custom:container-demuxer-ogg: 62fdf1f143b41e24485cea50d1cbac27 -> 
  custom:video-decoder-ogg-theora: a1e56fd34408186e4bbccfd4996cb3dc -> 
  custom:CustomObjectIndexerAttribute: 9a22284fe3817be447336de3de66b15e -> 
  custom:container-demuxer-webm: 4f35f7cbe854078d1ac9338744f61a02 -> 
  custom:container-muxer-webm: aa71ff27fc2769a1b78a27578f13a17b -> 
  custom:video-decoder-webm-vp8: 9c59270c3fd7afecdb556c50c9e8de78 -> 
  custom:SearchIndexIgnoredProperties: e643bd26f0fe6173181afceb89e7c659 -> 
  custom:AudioImporter_EditorPlatform: 3918e3fc78b5a79bad01e8451be0beb8 -> 
  custom:scripting/monoscript/fileName/NewClass.cs: 309dad81748c1322e3da302f7e3f53d2 -> 
  custom:framework-osx-AVFoundation: e770b220cccbd017edd2c1fefb359320 -> 
  custom:video-encoder-webm-vp8: eb34c28f22e8b96e1ab97ce403110664 -> 
  custom:audio-decoder-ogg-vorbis: bf7c407c2cedff20999df2af8eb42d56 -> 
  custom:audio-encoder-webm-vorbis: bf7c407c2cedff20999df2af8eb42d56 -> 
========================================================================
Received Import Request.
  Time since last request: 992281.977316 seconds.
  path: Assets/Plugins
  artifactKey: Guid(623b65e13662c4358be6d6657e0086de) Importer(815301076,1909f56bfc062723c751e8b465ee728b)
Start importing Assets/Plugins using Guid(623b65e13662c4358be6d6657e0086de) Importer(815301076,1909f56bfc062723c751e8b465ee728b)  -> (artifact id: '15cfdf0467d00a39e2313c3716793ad9') in 0.006096 seconds
Number of updated asset objects reloaded before import = 0
Number of asset objects unloaded after import = 0
========================================================================
Received Import Request.
  Time since last request: 1.435527 seconds.
  path: Assets/Plugins/ZootEventPlugin.jslib
  artifactKey: Guid(8191751617e414f999b625e3bcc4b04e) Importer(815301076,1909f56bfc062723c751e8b465ee728b)
Start importing Assets/Plugins/ZootEventPlugin.jslib using Guid(8191751617e414f999b625e3bcc4b04e) Importer(815301076,1909f56bfc062723c751e8b465ee728b)  -> (artifact id: 'dc7fcb14c26ab7fab6d1a2bf611ad90f') in 0.015692 seconds
Number of updated asset objects reloaded before import = 0
Number of asset objects unloaded after import = 1
========================================================================
Received Import Request.
  Time since last request: 75.320387 seconds.
  path: Assets/Plugins/ZootEventPlugin.jslib
  artifactKey: Guid(8191751617e414f999b625e3bcc4b04e) Importer(815301076,1909f56bfc062723c751e8b465ee728b)
Start importing Assets/Plugins/ZootEventPlugin.jslib using Guid(8191751617e414f999b625e3bcc4b04e) Importer(815301076,1909f56bfc062723c751e8b465ee728b)  -> (artifact id: '4bf4c787d672d13520782578a317ab93') in 0.004130 seconds
Number of updated asset objects reloaded before import = 0
Number of asset objects unloaded after import = 1
========================================================================
Received Prepare
Begin MonoManager ReloadAssembly
Thread 0x292b87000 may have been prematurely finalized
- Loaded All Assemblies, in  0.509 seconds
Refreshing native plugins compatible for Editor in 3.03 ms, found 2 plugins.
Native extension for OSXStandalone target not found
Native extension for WebGL target not found
[Package Manager] Server::EnsureServerProcessIsRunning -- launch failed, reason: Unity was launched with the -noUpm command-line argument
[Package Manager] UpmClient::Send -- Unable to send message (not connected to UPM process).
[Package Manager] Cannot connect to Unity Package Manager local server
Mono: successfully reloaded assembly
- Finished resetting the current domain, in  0.760 seconds
Domain Reload Profiling: 1270ms
	BeginReloadAssembly (106ms)
		ExecutionOrderSort (0ms)
		DisableScriptedObjects (3ms)
		BackupInstance (0ms)
		ReleaseScriptingObjects (0ms)
		CreateAndSetChildDomain (41ms)
	RebuildCommonClasses (28ms)
	RebuildNativeTypeToScriptingClass (10ms)
	initialDomainReloadingComplete (40ms)
	LoadAllAssembliesAndSetupDomain (326ms)
		LoadAssemblies (343ms)
		RebuildTransferFunctionScriptingTraits (0ms)
		AnalyzeDomain (17ms)
			TypeCache.Refresh (9ms)
				TypeCache.ScanAssembly (0ms)
			ScanForSourceGeneratedMonoScriptInfo (0ms)
			ResolveRequiredComponents (6ms)
	FinalizeReload (760ms)
		ReleaseScriptCaches (0ms)
		RebuildScriptCaches (0ms)
		SetupLoadedEditorAssemblies (294ms)
			LogAssemblyErrors (0ms)
			InitializePlatformSupportModulesInManaged (4ms)
			SetLoadedEditorAssemblies (3ms)
			RefreshPlugins (0ms)
			BeforeProcessingInitializeOnLoad (51ms)
			ProcessInitializeOnLoadAttributes (221ms)
			ProcessInitializeOnLoadMethodAttributes (14ms)
			AfterProcessingInitializeOnLoad (1ms)
			EditorAssembliesLoaded (0ms)
		ExecutionOrderSort2 (0ms)
		AwakeInstancesAfterBackupRestoration (3ms)
Refreshing native plugins compatible for Editor in 3.80 ms, found 2 plugins.
Preloading 0 native plugins for Editor in 0.00 ms.
Unloading 3146 Unused Serialized files (Serialized files now loaded: 0)
Unloading 80 unused Assets / (61.0 KB). Loaded Objects now: 3582.
Memory consumption went from 148.8 MB to 148.8 MB.
Total: 2.483875 ms (FindLiveObjects: 0.117167 ms CreateObjectMapping: 0.037208 ms MarkObjects: 2.218583 ms  DeleteObjects: 0.110209 ms)

Prepare: number of updated asset objects reloaded= 0
AssetImportParameters requested are different than current active one (requested -> active):
  custom:container-demuxer-ogg: 62fdf1f143b41e24485cea50d1cbac27 -> 
  custom:video-decoder-ogg-theora: a1e56fd34408186e4bbccfd4996cb3dc -> 
  custom:CustomObjectIndexerAttribute: 9a22284fe3817be447336de3de66b15e -> 
  custom:container-demuxer-webm: 4f35f7cbe854078d1ac9338744f61a02 -> 
  custom:container-muxer-webm: aa71ff27fc2769a1b78a27578f13a17b -> 
  custom:video-decoder-webm-vp8: 9c59270c3fd7afecdb556c50c9e8de78 -> 
  custom:SearchIndexIgnoredProperties: e643bd26f0fe6173181afceb89e7c659 -> 
  custom:AudioImporter_EditorPlatform: 3918e3fc78b5a79bad01e8451be0beb8 -> 
  custom:scripting/monoscript/fileName/NewClass.cs: 309dad81748c1322e3da302f7e3f53d2 -> 
  custom:framework-osx-AVFoundation: e770b220cccbd017edd2c1fefb359320 -> 
  custom:video-encoder-webm-vp8: eb34c28f22e8b96e1ab97ce403110664 -> 
  custom:audio-decoder-ogg-vorbis: bf7c407c2cedff20999df2af8eb42d56 -> 
  custom:audio-encoder-webm-vorbis: bf7c407c2cedff20999df2af8eb42d56 -> 
========================================================================
Received Prepare
Refreshing native plugins compatible for Editor in 4.29 ms, found 2 plugins.
Preloading 0 native plugins for Editor in 0.00 ms.
Unloading 1 Unused Serialized files (Serialized files now loaded: 0)
Unloading 1 unused Assets / (3.1 KB). Loaded Objects now: 3582.
Memory consumption went from 99.7 MB to 99.7 MB.
Total: 2.485042 ms (FindLiveObjects: 0.115625 ms CreateObjectMapping: 0.036666 ms MarkObjects: 2.314000 ms  DeleteObjects: 0.017958 ms)

Prepare: number of updated asset objects reloaded= 0
AssetImportParameters requested are different than current active one (requested -> active):
  custom:container-demuxer-ogg: 62fdf1f143b41e24485cea50d1cbac27 -> 
  custom:video-decoder-ogg-theora: a1e56fd34408186e4bbccfd4996cb3dc -> 
  custom:CustomObjectIndexerAttribute: 9a22284fe3817be447336de3de66b15e -> 
  custom:container-demuxer-webm: 4f35f7cbe854078d1ac9338744f61a02 -> 
  custom:container-muxer-webm: aa71ff27fc2769a1b78a27578f13a17b -> 
  custom:video-decoder-webm-vp8: 9c59270c3fd7afecdb556c50c9e8de78 -> 
  custom:SearchIndexIgnoredProperties: e643bd26f0fe6173181afceb89e7c659 -> 
  custom:AudioImporter_EditorPlatform: 3918e3fc78b5a79bad01e8451be0beb8 -> 
  custom:scripting/monoscript/fileName/NewClass.cs: 309dad81748c1322e3da302f7e3f53d2 -> 
  custom:framework-osx-AVFoundation: e770b220cccbd017edd2c1fefb359320 -> 
  custom:video-encoder-webm-vp8: eb34c28f22e8b96e1ab97ce403110664 -> 
  custom:audio-decoder-ogg-vorbis: bf7c407c2cedff20999df2af8eb42d56 -> 
  custom:audio-encoder-webm-vorbis: bf7c407c2cedff20999df2af8eb42d56 -> 
========================================================================
Received Import Request.
  Time since last request: 275.953643 seconds.
  path: Assets/EventReceiver.cs
  artifactKey: Guid(e165fbd318b764a1b979363f8ddea32b) Importer(815301076,1909f56bfc062723c751e8b465ee728b)
Start importing Assets/EventReceiver.cs using Guid(e165fbd318b764a1b979363f8ddea32b) Importer(815301076,1909f56bfc062723c751e8b465ee728b)  -> (artifact id: '8eaec60aaf815a9781dbeaf6ac1a5eb7') in 0.007305 seconds
Number of updated asset objects reloaded before import = 0
Number of asset objects unloaded after import = 0
========================================================================
Received Prepare
Begin MonoManager ReloadAssembly
Thread 0x292b87000 may have been prematurely finalized
- Loaded All Assemblies, in  0.420 seconds
Refreshing native plugins compatible for Editor in 3.22 ms, found 2 plugins.
Native extension for OSXStandalone target not found
Native extension for WebGL target not found
[Package Manager] Server::EnsureServerProcessIsRunning -- launch failed, reason: Unity was launched with the -noUpm command-line argument
[Package Manager] UpmClient::Send -- Unable to send message (not connected to UPM process).
[Package Manager] Cannot connect to Unity Package Manager local server
Mono: successfully reloaded assembly
- Finished resetting the current domain, in  0.712 seconds
Domain Reload Profiling: 1132ms
	BeginReloadAssembly (110ms)
		ExecutionOrderSort (0ms)
		DisableScriptedObjects (5ms)
		BackupInstance (0ms)
		ReleaseScriptingObjects (0ms)
		CreateAndSetChildDomain (43ms)
	RebuildCommonClasses (28ms)
	RebuildNativeTypeToScriptingClass (9ms)
	initialDomainReloadingComplete (21ms)
	LoadAllAssembliesAndSetupDomain (253ms)
		LoadAssemblies (267ms)
		RebuildTransferFunctionScriptingTraits (0ms)
		AnalyzeDomain (20ms)
			TypeCache.Refresh (10ms)
				TypeCache.ScanAssembly (0ms)
			ScanForSourceGeneratedMonoScriptInfo (5ms)
			ResolveRequiredComponents (4ms)
	FinalizeReload (712ms)
		ReleaseScriptCaches (0ms)
		RebuildScriptCaches (0ms)
		SetupLoadedEditorAssemblies (263ms)
			LogAssemblyErrors (0ms)
			InitializePlatformSupportModulesInManaged (4ms)
			SetLoadedEditorAssemblies (3ms)
			RefreshPlugins (0ms)
			BeforeProcessingInitializeOnLoad (45ms)
			ProcessInitializeOnLoadAttributes (198ms)
			ProcessInitializeOnLoadMethodAttributes (12ms)
			AfterProcessingInitializeOnLoad (1ms)
			EditorAssembliesLoaded (0ms)
		ExecutionOrderSort2 (0ms)
		AwakeInstancesAfterBackupRestoration (2ms)
Refreshing native plugins compatible for Editor in 3.72 ms, found 2 plugins.
Preloading 0 native plugins for Editor in 0.00 ms.
Unloading 3146 Unused Serialized files (Serialized files now loaded: 0)
Unloading 80 unused Assets / (61.0 KB). Loaded Objects now: 3585.
Memory consumption went from 156.8 MB to 156.8 MB.
Total: 2.179792 ms (FindLiveObjects: 0.098125 ms CreateObjectMapping: 0.035458 ms MarkObjects: 1.967875 ms  DeleteObjects: 0.078042 ms)

Prepare: number of updated asset objects reloaded= 0
AssetImportParameters requested are different than current active one (requested -> active):
  custom:container-demuxer-ogg: 62fdf1f143b41e24485cea50d1cbac27 -> 
  custom:video-decoder-ogg-theora: a1e56fd34408186e4bbccfd4996cb3dc -> 
  custom:CustomObjectIndexerAttribute: 9a22284fe3817be447336de3de66b15e -> 
  custom:container-demuxer-webm: 4f35f7cbe854078d1ac9338744f61a02 -> 
  custom:container-muxer-webm: aa71ff27fc2769a1b78a27578f13a17b -> 
  custom:video-decoder-webm-vp8: 9c59270c3fd7afecdb556c50c9e8de78 -> 
  custom:SearchIndexIgnoredProperties: e643bd26f0fe6173181afceb89e7c659 -> 
  custom:AudioImporter_EditorPlatform: 3918e3fc78b5a79bad01e8451be0beb8 -> 
  custom:scripting/monoscript/fileName/NewClass.cs: 309dad81748c1322e3da302f7e3f53d2 -> 
  custom:framework-osx-AVFoundation: e770b220cccbd017edd2c1fefb359320 -> 
  custom:video-encoder-webm-vp8: eb34c28f22e8b96e1ab97ce403110664 -> 
  custom:audio-decoder-ogg-vorbis: bf7c407c2cedff20999df2af8eb42d56 -> 
  custom:audio-encoder-webm-vorbis: bf7c407c2cedff20999df2af8eb42d56 -> 
========================================================================
Received Prepare
Begin MonoManager ReloadAssembly
Thread 0x292b87000 may have been prematurely finalized
- Loaded All Assemblies, in  0.448 seconds
Refreshing native plugins compatible for Editor in 2.98 ms, found 2 plugins.
Native extension for OSXStandalone target not found
Native extension for WebGL target not found
[Package Manager] Server::EnsureServerProcessIsRunning -- launch failed, reason: Unity was launched with the -noUpm command-line argument
[Package Manager] UpmClient::Send -- Unable to send message (not connected to UPM process).
[Package Manager] Cannot connect to Unity Package Manager local server
Mono: successfully reloaded assembly
- Finished resetting the current domain, in  0.492 seconds
Domain Reload Profiling: 941ms
	BeginReloadAssembly (91ms)
		ExecutionOrderSort (0ms)
		DisableScriptedObjects (3ms)
		BackupInstance (0ms)
		ReleaseScriptingObjects (0ms)
		CreateAndSetChildDomain (33ms)
	RebuildCommonClasses (26ms)
	RebuildNativeTypeToScriptingClass (8ms)
	initialDomainReloadingComplete (21ms)
	LoadAllAssembliesAndSetupDomain (302ms)
		LoadAssemblies (319ms)
		RebuildTransferFunctionScriptingTraits (0ms)
		AnalyzeDomain (12ms)
			TypeCache.Refresh (7ms)
				TypeCache.ScanAssembly (0ms)
			ScanForSourceGeneratedMonoScriptInfo (0ms)
			ResolveRequiredComponents (5ms)
	FinalizeReload (492ms)
		ReleaseScriptCaches (0ms)
		RebuildScriptCaches (0ms)
		SetupLoadedEditorAssemblies (278ms)
			LogAssemblyErrors (0ms)
			InitializePlatformSupportModulesInManaged (4ms)
			SetLoadedEditorAssemblies (3ms)
			RefreshPlugins (0ms)
			BeforeProcessingInitializeOnLoad (45ms)
			ProcessInitializeOnLoadAttributes (211ms)
			ProcessInitializeOnLoadMethodAttributes (14ms)
			AfterProcessingInitializeOnLoad (1ms)
			EditorAssembliesLoaded (0ms)
		ExecutionOrderSort2 (0ms)
		AwakeInstancesAfterBackupRestoration (3ms)
Refreshing native plugins compatible for Editor in 2.93 ms, found 2 plugins.
Preloading 0 native plugins for Editor in 0.00 ms.
Unloading 3147 Unused Serialized files (Serialized files now loaded: 0)
Unloading 80 unused Assets / (61.0 KB). Loaded Objects now: 3588.
Memory consumption went from 165.1 MB to 165.0 MB.
Total: 2.336917 ms (FindLiveObjects: 0.113292 ms CreateObjectMapping: 0.037833 ms MarkObjects: 2.096250 ms  DeleteObjects: 0.089083 ms)

Prepare: number of updated asset objects reloaded= 0
AssetImportParameters requested are different than current active one (requested -> active):
  custom:container-demuxer-ogg: 62fdf1f143b41e24485cea50d1cbac27 -> 
  custom:video-decoder-ogg-theora: a1e56fd34408186e4bbccfd4996cb3dc -> 
  custom:CustomObjectIndexerAttribute: 9a22284fe3817be447336de3de66b15e -> 
  custom:container-demuxer-webm: 4f35f7cbe854078d1ac9338744f61a02 -> 
  custom:container-muxer-webm: aa71ff27fc2769a1b78a27578f13a17b -> 
  custom:video-decoder-webm-vp8: 9c59270c3fd7afecdb556c50c9e8de78 -> 
  custom:SearchIndexIgnoredProperties: e643bd26f0fe6173181afceb89e7c659 -> 
  custom:AudioImporter_EditorPlatform: 3918e3fc78b5a79bad01e8451be0beb8 -> 
  custom:scripting/monoscript/fileName/NewClass.cs: 309dad81748c1322e3da302f7e3f53d2 -> 
  custom:framework-osx-AVFoundation: e770b220cccbd017edd2c1fefb359320 -> 
  custom:video-encoder-webm-vp8: eb34c28f22e8b96e1ab97ce403110664 -> 
  custom:audio-decoder-ogg-vorbis: bf7c407c2cedff20999df2af8eb42d56 -> 
  custom:audio-encoder-webm-vorbis: bf7c407c2cedff20999df2af8eb42d56 -> 
========================================================================
Received Prepare
Refreshing native plugins compatible for Editor in 6.30 ms, found 2 plugins.
Preloading 0 native plugins for Editor in 0.00 ms.
Unloading 1 Unused Serialized files (Serialized files now loaded: 0)
Unloading 1 unused Assets / (3.1 KB). Loaded Objects now: 3588.
Memory consumption went from 115.7 MB to 115.7 MB.
Total: 2.640125 ms (FindLiveObjects: 0.110916 ms CreateObjectMapping: 0.035500 ms MarkObjects: 2.477084 ms  DeleteObjects: 0.016166 ms)

Prepare: number of updated asset objects reloaded= 0
AssetImportParameters requested are different than current active one (requested -> active):
  custom:container-demuxer-ogg: 62fdf1f143b41e24485cea50d1cbac27 -> 
  custom:video-decoder-ogg-theora: a1e56fd34408186e4bbccfd4996cb3dc -> 
  custom:CustomObjectIndexerAttribute: 9a22284fe3817be447336de3de66b15e -> 
  custom:container-demuxer-webm: 4f35f7cbe854078d1ac9338744f61a02 -> 
  custom:container-muxer-webm: aa71ff27fc2769a1b78a27578f13a17b -> 
  custom:video-decoder-webm-vp8: 9c59270c3fd7afecdb556c50c9e8de78 -> 
  custom:SearchIndexIgnoredProperties: e643bd26f0fe6173181afceb89e7c659 -> 
  custom:AudioImporter_EditorPlatform: 3918e3fc78b5a79bad01e8451be0beb8 -> 
  custom:scripting/monoscript/fileName/NewClass.cs: 309dad81748c1322e3da302f7e3f53d2 -> 
  custom:framework-osx-AVFoundation: e770b220cccbd017edd2c1fefb359320 -> 
  custom:video-encoder-webm-vp8: eb34c28f22e8b96e1ab97ce403110664 -> 
  custom:audio-decoder-ogg-vorbis: bf7c407c2cedff20999df2af8eb42d56 -> 
  custom:audio-encoder-webm-vorbis: bf7c407c2cedff20999df2af8eb42d56 -> 
========================================================================
Received Prepare
Begin MonoManager ReloadAssembly
Thread 0x28ed6f000 may have been prematurely finalized
- Loaded All Assemblies, in  0.527 seconds
Refreshing native plugins compatible for Editor in 2.55 ms, found 2 plugins.
Native extension for OSXStandalone target not found
Native extension for WebGL target not found
[Package Manager] Server::EnsureServerProcessIsRunning -- launch failed, reason: Unity was launched with the -noUpm command-line argument
[Package Manager] UpmClient::Send -- Unable to send message (not connected to UPM process).
[Package Manager] Cannot connect to Unity Package Manager local server
Mono: successfully reloaded assembly
- Finished resetting the current domain, in  0.685 seconds
Domain Reload Profiling: 1212ms
	BeginReloadAssembly (125ms)
		ExecutionOrderSort (0ms)
		DisableScriptedObjects (4ms)
		BackupInstance (0ms)
		ReleaseScriptingObjects (0ms)
		CreateAndSetChildDomain (52ms)
	RebuildCommonClasses (28ms)
	RebuildNativeTypeToScriptingClass (9ms)
	initialDomainReloadingComplete (30ms)
	LoadAllAssembliesAndSetupDomain (334ms)
		LoadAssemblies (353ms)
		RebuildTransferFunctionScriptingTraits (0ms)
		AnalyzeDomain (20ms)
			TypeCache.Refresh (10ms)
				TypeCache.ScanAssembly (0ms)
			ScanForSourceGeneratedMonoScriptInfo (5ms)
			ResolveRequiredComponents (4ms)
	FinalizeReload (685ms)
		ReleaseScriptCaches (0ms)
		RebuildScriptCaches (0ms)
		SetupLoadedEditorAssemblies (248ms)
			LogAssemblyErrors (0ms)
			InitializePlatformSupportModulesInManaged (3ms)
			SetLoadedEditorAssemblies (2ms)
			RefreshPlugins (0ms)
			BeforeProcessingInitializeOnLoad (40ms)
			ProcessInitializeOnLoadAttributes (190ms)
			ProcessInitializeOnLoadMethodAttributes (12ms)
			AfterProcessingInitializeOnLoad (1ms)
			EditorAssembliesLoaded (0ms)
		ExecutionOrderSort2 (0ms)
		AwakeInstancesAfterBackupRestoration (3ms)
Refreshing native plugins compatible for Editor in 3.87 ms, found 2 plugins.
Preloading 0 native plugins for Editor in 0.00 ms.
Unloading 3147 Unused Serialized files (Serialized files now loaded: 0)
Unloading 80 unused Assets / (61.0 KB). Loaded Objects now: 3591.
Memory consumption went from 173.0 MB to 172.9 MB.
Total: 12.616791 ms (FindLiveObjects: 0.123833 ms CreateObjectMapping: 0.039292 ms MarkObjects: 10.690875 ms  DeleteObjects: 1.761709 ms)

Prepare: number of updated asset objects reloaded= 0
AssetImportParameters requested are different than current active one (requested -> active):
  custom:container-demuxer-ogg: 62fdf1f143b41e24485cea50d1cbac27 -> 
  custom:video-decoder-ogg-theora: a1e56fd34408186e4bbccfd4996cb3dc -> 
  custom:CustomObjectIndexerAttribute: 9a22284fe3817be447336de3de66b15e -> 
  custom:container-demuxer-webm: 4f35f7cbe854078d1ac9338744f61a02 -> 
  custom:container-muxer-webm: aa71ff27fc2769a1b78a27578f13a17b -> 
  custom:video-decoder-webm-vp8: 9c59270c3fd7afecdb556c50c9e8de78 -> 
  custom:SearchIndexIgnoredProperties: e643bd26f0fe6173181afceb89e7c659 -> 
  custom:AudioImporter_EditorPlatform: 3918e3fc78b5a79bad01e8451be0beb8 -> 
  custom:scripting/monoscript/fileName/NewClass.cs: 309dad81748c1322e3da302f7e3f53d2 -> 
  custom:framework-osx-AVFoundation: e770b220cccbd017edd2c1fefb359320 -> 
  custom:video-encoder-webm-vp8: eb34c28f22e8b96e1ab97ce403110664 -> 
  custom:audio-decoder-ogg-vorbis: bf7c407c2cedff20999df2af8eb42d56 -> 
  custom:audio-encoder-webm-vorbis: bf7c407c2cedff20999df2af8eb42d56 -> 
========================================================================
Received Import Request.
  Time since last request: 1140.779959 seconds.
  path: Assets/BetCashoutFailedIncomingPayload.cs
  artifactKey: Guid(ee346b95c9e674a208e2d7c407da1b87) Importer(2089858483,0ecaa5967403d082aa24f35e1b516d23)
Start importing Assets/BetCashoutFailedIncomingPayload.cs using Guid(ee346b95c9e674a208e2d7c407da1b87) Importer(2089858483,0ecaa5967403d082aa24f35e1b516d23)  -> (artifact id: 'ef60c293523255974d84da0852ff93a1') in 0.075794 seconds
Number of updated asset objects reloaded before import = 0
Number of asset objects unloaded after import = 1
========================================================================
Received Import Request.
  Time since last request: 0.002368 seconds.
  path: Assets/Packages/System.Text.Json.7.0.3/Icon.png
  artifactKey: Guid(6c603ff453b1a439d97d59ec1b29ccf6) Importer(2089858483,0ecaa5967403d082aa24f35e1b516d23)
Start importing Assets/Packages/System.Text.Json.7.0.3/Icon.png using Guid(6c603ff453b1a439d97d59ec1b29ccf6) Importer(2089858483,0ecaa5967403d082aa24f35e1b516d23)  -> (artifact id: 'e8fb0ac179b2a1e80ac1023a38da164d') in 0.043386 seconds
Number of updated asset objects reloaded before import = 0
Number of asset objects unloaded after import = 1
========================================================================
Received Import Request.
  Time since last request: 0.000194 seconds.
  path: Assets/Packages/System.Text.Encodings.Web.7.0.0/LICENSE.TXT
  artifactKey: Guid(73d1598140de24342a62591db7244089) Importer(2089858483,0ecaa5967403d082aa24f35e1b516d23)
Start importing Assets/Packages/System.Text.Encodings.Web.7.0.0/LICENSE.TXT using Guid(73d1598140de24342a62591db7244089) Importer(2089858483,0ecaa5967403d082aa24f35e1b516d23)  -> (artifact id: '9417de7aa7b1aeaf6fa5176a990def8a') in 0.002228 seconds
Number of updated asset objects reloaded before import = 0
Number of asset objects unloaded after import = 1
========================================================================
Received Import Request.
  Time since last request: 0.000140 seconds.
  path: Assets/Packages/System.Text.Json.7.0.3/buildTransitive/net461/System.Text.Json.targets
  artifactKey: Guid(8013afac68d124e09b48b4a2d0e1bce5) Importer(2089858483,0ecaa5967403d082aa24f35e1b516d23)
Start importing Assets/Packages/System.Text.Json.7.0.3/buildTransitive/net461/System.Text.Json.targets using Guid(8013afac68d124e09b48b4a2d0e1bce5) Importer(2089858483,0ecaa5967403d082aa24f35e1b516d23)  -> (artifact id: '2356f3d75091ffd1a8d95776c09120e4') in 0.001721 seconds
Number of updated asset objects reloaded before import = 0
Number of asset objects unloaded after import = 1
========================================================================
Received Import Request.
  Time since last request: 0.000111 seconds.
  path: Assets/Packages/SocketIO.Serializer.SystemTextJson.3.1.1/lib/netstandard2.0/SocketIO.Serializer.SystemTextJson.dll
  artifactKey: Guid(366047a44950a44d081796fd2d57f678) Importer(2089858483,0ecaa5967403d082aa24f35e1b516d23)
Start importing Assets/Packages/SocketIO.Serializer.SystemTextJson.3.1.1/lib/netstandard2.0/SocketIO.Serializer.SystemTextJson.dll using Guid(366047a44950a44d081796fd2d57f678) Importer(2089858483,0ecaa5967403d082aa24f35e1b516d23)  -> (artifact id: 'be0b3ee7369f5dbe066d14f3b9c88a23') in 0.004658 seconds
Number of updated asset objects reloaded before import = 0
Number of asset objects unloaded after import = 1
========================================================================
Received Import Request.
  Time since last request: 0.000103 seconds.
  path: Assets/TextMesh Pro/Shaders/TMP_SDF-Mobile Overlay.shader
  artifactKey: Guid(a02a7d8c237544f1962732b55a9aebf1) Importer(2089858483,0ecaa5967403d082aa24f35e1b516d23)
Start importing Assets/TextMesh Pro/Shaders/TMP_SDF-Mobile Overlay.shader using Guid(a02a7d8c237544f1962732b55a9aebf1) Importer(2089858483,0ecaa5967403d082aa24f35e1b516d23)  -> (artifact id: '0bc71841be00e5f2a398e56db91e1118') in 0.008316 seconds
Number of updated asset objects reloaded before import = 0
Number of asset objects unloaded after import = 1
========================================================================
Received Import Request.
  Time since last request: 0.000130 seconds.
  path: Assets/Packages/System.Runtime.CompilerServices.Unsafe.6.0.0/lib/netstandard2.0/System.Runtime.CompilerServices.Unsafe.dll
  artifactKey: Guid(0587af35883e14fe2babbb00fdca4bdb) Importer(2089858483,0ecaa5967403d082aa24f35e1b516d23)
Start importing Assets/Packages/System.Runtime.CompilerServices.Unsafe.6.0.0/lib/netstandard2.0/System.Runtime.CompilerServices.Unsafe.dll using Guid(0587af35883e14fe2babbb00fdca4bdb) Importer(2089858483,0ecaa5967403d082aa24f35e1b516d23)  -> (artifact id: 'cd456f0c2ff0f527266d4496de7c625e') in 0.003778 seconds
Number of updated asset objects reloaded before import = 0
Number of asset objects unloaded after import = 1
========================================================================
Received Import Request.
  Time since last request: 0.000104 seconds.
  path: Assets/NuGet/Editor/NugetForUnity.dll
  artifactKey: Guid(8dc1be91775c4bb469f6b74cef450eaa) Importer(2089858483,0ecaa5967403d082aa24f35e1b516d23)
Start importing Assets/NuGet/Editor/NugetForUnity.dll using Guid(8dc1be91775c4bb469f6b74cef450eaa) Importer(2089858483,0ecaa5967403d082aa24f35e1b516d23)  -> (artifact id: '3bd8a06e393d4a0e13e0a16ceec75f6b') in 0.007698 seconds
Number of updated asset objects reloaded before import = 0
Number of asset objects unloaded after import = 1
========================================================================
Received Import Request.
  Time since last request: 0.000093 seconds.
  path: Assets/Packages/Newtonsoft.Json.13.0.3/packageIcon.png
  artifactKey: Guid(c6d0784f3defa4eccba8af0a8ff1d374) Importer(2089858483,0ecaa5967403d082aa24f35e1b516d23)
Start importing Assets/Packages/Newtonsoft.Json.13.0.3/packageIcon.png using Guid(c6d0784f3defa4eccba8af0a8ff1d374) Importer(2089858483,0ecaa5967403d082aa24f35e1b516d23)  -> (artifact id: '22a4552dc164052bd7796ef0f09bc6dc') in 0.014148 seconds
Number of updated asset objects reloaded before import = 0
Number of asset objects unloaded after import = 1
========================================================================
Received Import Request.
  Time since last request: 0.000082 seconds.
  path: Assets/Packages/System.Text.Encodings.Web.7.0.0/buildTransitive/netcoreapp2.0/System.Text.Encodings.Web.targets
  artifactKey: Guid(5769c9c94c15e43aa9bbcd72d33945dc) Importer(2089858483,0ecaa5967403d082aa24f35e1b516d23)
Start importing Assets/Packages/System.Text.Encodings.Web.7.0.0/buildTransitive/netcoreapp2.0/System.Text.Encodings.Web.targets using Guid(5769c9c94c15e43aa9bbcd72d33945dc) Importer(2089858483,0ecaa5967403d082aa24f35e1b516d23)  -> (artifact id: 'e12eada053086121ef510947abc36046') in 0.001824 seconds
Number of updated asset objects reloaded before import = 0
Number of asset objects unloaded after import = 1
========================================================================
Received Import Request.
  Time since last request: 0.000109 seconds.
  path: Assets/NuGet/LICENSE
  artifactKey: Guid(1d9014b99ad06af428514a5902d29ff3) Importer(2089858483,0ecaa5967403d082aa24f35e1b516d23)
Start importing Assets/NuGet/LICENSE using Guid(1d9014b99ad06af428514a5902d29ff3) Importer(2089858483,0ecaa5967403d082aa24f35e1b516d23)  -> (artifact id: 'b6f2d6fcd84b8dba5d8a78eaade46ea9') in 0.001795 seconds
Number of updated asset objects reloaded before import = 0
Number of asset objects unloaded after import = 1
========================================================================
Received Import Request.
  Time since last request: 0.000206 seconds.
  path: Assets/TextMesh Pro/Sprites/EmojiOne.png
  artifactKey: Guid(dffef66376be4fa480fb02b19edbe903) Importer(2089858483,0ecaa5967403d082aa24f35e1b516d23)
Start importing Assets/TextMesh Pro/Sprites/EmojiOne.png using Guid(dffef66376be4fa480fb02b19edbe903) Importer(2089858483,0ecaa5967403d082aa24f35e1b516d23)  -> (artifact id: 'c2e8c9bf8c64b3ab8150241169bb42af') in 0.012752 seconds
Number of updated asset objects reloaded before import = 0
Number of asset objects unloaded after import = 1
========================================================================
Received Import Request.
  Time since last request: 0.000071 seconds.
  path: Assets/TextMesh Pro/Shaders/TMP_Bitmap-Custom-Atlas.shader
  artifactKey: Guid(48bb5f55d8670e349b6e614913f9d910) Importer(2089858483,0ecaa5967403d082aa24f35e1b516d23)
Start importing Assets/TextMesh Pro/Shaders/TMP_Bitmap-Custom-Atlas.shader using Guid(48bb5f55d8670e349b6e614913f9d910) Importer(2089858483,0ecaa5967403d082aa24f35e1b516d23)  -> (artifact id: 'e6830e65ae96db741a22c39d30101e07') in 0.003030 seconds
Number of updated asset objects reloaded before import = 0
Number of asset objects unloaded after import = 1
========================================================================
Received Import Request.
  Time since last request: 0.000091 seconds.
  path: Assets/Packages/System.Runtime.CompilerServices.Unsafe.6.0.0/buildTransitive/netcoreapp3.1/_._
  artifactKey: Guid(14a62ffe9c5b94da093f8ada279321c6) Importer(2089858483,0ecaa5967403d082aa24f35e1b516d23)
Start importing Assets/Packages/System.Runtime.CompilerServices.Unsafe.6.0.0/buildTransitive/netcoreapp3.1/_._ using Guid(14a62ffe9c5b94da093f8ada279321c6) Importer(2089858483,0ecaa5967403d082aa24f35e1b516d23)  -> (artifact id: '3370687bd3538ac1a54e413a9e66fef1') in 0.001438 seconds
Number of updated asset objects reloaded before import = 0
Number of asset objects unloaded after import = 1
========================================================================
Received Import Request.
  Time since last request: 0.000087 seconds.
  path: Assets/Packages/Microsoft.Bcl.AsyncInterfaces.7.0.0/Microsoft.Bcl.AsyncInterfaces.nuspec
  artifactKey: Guid(1df0ab7c002464cd3b99ed78d0cbea5f) Importer(2089858483,0ecaa5967403d082aa24f35e1b516d23)
Start importing Assets/Packages/Microsoft.Bcl.AsyncInterfaces.7.0.0/Microsoft.Bcl.AsyncInterfaces.nuspec using Guid(1df0ab7c002464cd3b99ed78d0cbea5f) Importer(2089858483,0ecaa5967403d082aa24f35e1b516d23)  -> (artifact id: '3055b705b86a26fbb2f8ea1968571790') in 0.001556 seconds
Number of updated asset objects reloaded before import = 0
Number of asset objects unloaded after import = 1
========================================================================
Received Import Request.
  Time since last request: 0.000072 seconds.
  path: Assets/Packages/Newtonsoft.Json.13.0.3/lib/netstandard2.0/Newtonsoft.Json.dll
  artifactKey: Guid(cbe274da0980d40998dc80ce3c8e7110) Importer(2089858483,0ecaa5967403d082aa24f35e1b516d23)
Start importing Assets/Packages/Newtonsoft.Json.13.0.3/lib/netstandard2.0/Newtonsoft.Json.dll using Guid(cbe274da0980d40998dc80ce3c8e7110) Importer(2089858483,0ecaa5967403d082aa24f35e1b516d23)  -> (artifact id: 'be0ec0a8a8067322dcfc1a047f3da49c') in 0.003100 seconds
Number of updated asset objects reloaded before import = 0
Number of asset objects unloaded after import = 1
========================================================================
Received Import Request.
  Time since last request: 0.000085 seconds.
  path: Assets/Packages/Microsoft.Bcl.AsyncInterfaces.7.0.0/buildTransitive/net462/_._
  artifactKey: Guid(d37830776ecdc46f6bd6b3f99cac23b9) Importer(2089858483,0ecaa5967403d082aa24f35e1b516d23)
Start importing Assets/Packages/Microsoft.Bcl.AsyncInterfaces.7.0.0/buildTransitive/net462/_._ using Guid(d37830776ecdc46f6bd6b3f99cac23b9) Importer(2089858483,0ecaa5967403d082aa24f35e1b516d23)  -> (artifact id: 'c322a361e3554592efb1fe0810eddef4') in 0.001523 seconds
Number of updated asset objects reloaded before import = 0
Number of asset objects unloaded after import = 1
========================================================================
Received Import Request.
  Time since last request: 0.000082 seconds.
  path: Assets/NuGet/Editor/NuGetForUnity.PluginAPI.dll
  artifactKey: Guid(db9aa817d6ea05e4b9671f3092dcf2d9) Importer(2089858483,0ecaa5967403d082aa24f35e1b516d23)
Start importing Assets/NuGet/Editor/NuGetForUnity.PluginAPI.dll using Guid(db9aa817d6ea05e4b9671f3092dcf2d9) Importer(2089858483,0ecaa5967403d082aa24f35e1b516d23)  -> (artifact id: '452d503cc03b38bc659df5fcc1d22ad9') in 0.002813 seconds
Number of updated asset objects reloaded before import = 0
Number of asset objects unloaded after import = 1
========================================================================
Received Import Request.
  Time since last request: 0.000086 seconds.
  path: Assets/Packages/Microsoft.Bcl.AsyncInterfaces.7.0.0/lib/netstandard2.1/Microsoft.Bcl.AsyncInterfaces.xml
  artifactKey: Guid(d4a2dc101b6454a469ec5a55d7e899de) Importer(2089858483,0ecaa5967403d082aa24f35e1b516d23)
Start importing Assets/Packages/Microsoft.Bcl.AsyncInterfaces.7.0.0/lib/netstandard2.1/Microsoft.Bcl.AsyncInterfaces.xml using Guid(d4a2dc101b6454a469ec5a55d7e899de) Importer(2089858483,0ecaa5967403d082aa24f35e1b516d23)  -> (artifact id: 'ebfd6925eeb225f54a91b5484cf22d29') in 0.001906 seconds
Number of updated asset objects reloaded before import = 0
Number of asset objects unloaded after import = 1
========================================================================
Received Import Request.
  Time since last request: 0.000102 seconds.
  path: Assets/Packages/System.Text.Json.7.0.3/README.md
  artifactKey: Guid(4e4298f917b0748729cfa26f4db0a9ad) Importer(2089858483,0ecaa5967403d082aa24f35e1b516d23)
Start importing Assets/Packages/System.Text.Json.7.0.3/README.md using Guid(4e4298f917b0748729cfa26f4db0a9ad) Importer(2089858483,0ecaa5967403d082aa24f35e1b516d23)  -> (artifact id: 'faae2ca84b50b15b211baa143054fb33') in 0.001777 seconds
Number of updated asset objects reloaded before import = 0
Number of asset objects unloaded after import = 1
========================================================================
Received Import Request.
  Time since last request: 0.000084 seconds.
  path: Assets/Packages/System.Text.Encodings.Web.7.0.0/useSharedDesignerContext.txt
  artifactKey: Guid(3c4520e1e056a49fb8547bf4134afef4) Importer(2089858483,0ecaa5967403d082aa24f35e1b516d23)
Start importing Assets/Packages/System.Text.Encodings.Web.7.0.0/useSharedDesignerContext.txt using Guid(3c4520e1e056a49fb8547bf4134afef4) Importer(2089858483,0ecaa5967403d082aa24f35e1b516d23)  -> (artifact id: 'f6abac1026711aaeeb2776b758728612') in 0.002517 seconds
Number of updated asset objects reloaded before import = 0
Number of asset objects unloaded after import = 1
========================================================================
Received Import Request.
  Time since last request: 0.000081 seconds.
  path: Assets/TextMesh Pro/Shaders/TMP_Sprite.shader
  artifactKey: Guid(cf81c85f95fe47e1a27f6ae460cf182c) Importer(2089858483,0ecaa5967403d082aa24f35e1b516d23)
Start importing Assets/TextMesh Pro/Shaders/TMP_Sprite.shader using Guid(cf81c85f95fe47e1a27f6ae460cf182c) Importer(2089858483,0ecaa5967403d082aa24f35e1b516d23)  -> (artifact id: '8912f1a187a12233772fba5976d06afa') in 0.002437 seconds
Number of updated asset objects reloaded before import = 0
Number of asset objects unloaded after import = 1
========================================================================
Received Import Request.
  Time since last request: 0.000055 seconds.
  path: Assets/TextMesh Pro/Sprites/EmojiOne Attribution.txt
  artifactKey: Guid(381dcb09d5029d14897e55f98031fca5) Importer(2089858483,0ecaa5967403d082aa24f35e1b516d23)
Start importing Assets/TextMesh Pro/Sprites/EmojiOne Attribution.txt using Guid(381dcb09d5029d14897e55f98031fca5) Importer(2089858483,0ecaa5967403d082aa24f35e1b516d23)  -> (artifact id: 'e53d943cfe97230badeb929205b3d1a2') in 0.001425 seconds
Number of updated asset objects reloaded before import = 0
Number of asset objects unloaded after import = 1
========================================================================
Received Import Request.
  Time since last request: 0.000067 seconds.
  path: Assets/TextMesh Pro/Resources/Fonts & Materials/LiberationSans SDF - Outline.mat
  artifactKey: Guid(79459efec17a4d00a321bdcc27bbc385) Importer(2089858483,0ecaa5967403d082aa24f35e1b516d23)
Start importing Assets/TextMesh Pro/Resources/Fonts & Materials/LiberationSans SDF - Outline.mat using Guid(79459efec17a4d00a321bdcc27bbc385) Importer(2089858483,0ecaa5967403d082aa24f35e1b516d23)  -> (artifact id: '0366f02ed4e464c5db4d4464db171f04') in 0.019674 seconds
Number of updated asset objects reloaded before import = 0
Number of asset objects unloaded after import = 2
========================================================================
Received Import Request.
  Time since last request: 0.000047 seconds.
  path: Assets/Packages/System.Text.Json.7.0.3/LICENSE.TXT
  artifactKey: Guid(f6159226e6428483984aa34707e59450) Importer(2089858483,0ecaa5967403d082aa24f35e1b516d23)
Start importing Assets/Packages/System.Text.Json.7.0.3/LICENSE.TXT using Guid(f6159226e6428483984aa34707e59450) Importer(2089858483,0ecaa5967403d082aa24f35e1b516d23)  -> (artifact id: '0214f1c737bfb9719a8c63c37268dee5') in 0.001623 seconds
Number of updated asset objects reloaded before import = 0
Number of asset objects unloaded after import = 1
========================================================================
Received Import Request.
  Time since last request: 0.000128 seconds.
  path: Assets/TextMesh Pro/Shaders/TMP_Bitmap.shader
  artifactKey: Guid(128e987d567d4e2c824d754223b3f3b0) Importer(2089858483,0ecaa5967403d082aa24f35e1b516d23)
Start importing Assets/TextMesh Pro/Shaders/TMP_Bitmap.shader using Guid(128e987d567d4e2c824d754223b3f3b0) Importer(2089858483,0ecaa5967403d082aa24f35e1b516d23)  -> (artifact id: '603db43ea27eb75cf4ed4cddc2c84a4b') in 0.003320 seconds
Number of updated asset objects reloaded before import = 0
Number of asset objects unloaded after import = 1
========================================================================
Received Import Request.
  Time since last request: 0.000074 seconds.
  path: Assets/Packages/SocketIOClient.3.1.1/lib/netstandard2.0/SocketIOClient.dll
  artifactKey: Guid(00a6612755fd84129a3249b3a1c75c4c) Importer(2089858483,0ecaa5967403d082aa24f35e1b516d23)
Start importing Assets/Packages/SocketIOClient.3.1.1/lib/netstandard2.0/SocketIOClient.dll using Guid(00a6612755fd84129a3249b3a1c75c4c) Importer(2089858483,0ecaa5967403d082aa24f35e1b516d23)  -> (artifact id: '100a0221f35df24bc1a58911ff80bc66') in 0.003025 seconds
Number of updated asset objects reloaded before import = 0
Number of asset objects unloaded after import = 1
========================================================================
Received Import Request.
  Time since last request: 0.000075 seconds.
  path: Assets/Packages/SocketIO.Core.3.1.1/lib/netstandard2.0/SocketIO.Core.dll
  artifactKey: Guid(e4a6e35401352429b8830e486b7ea7db) Importer(2089858483,0ecaa5967403d082aa24f35e1b516d23)
Start importing Assets/Packages/SocketIO.Core.3.1.1/lib/netstandard2.0/SocketIO.Core.dll using Guid(e4a6e35401352429b8830e486b7ea7db) Importer(2089858483,0ecaa5967403d082aa24f35e1b516d23)  -> (artifact id: '4d0b67f4d34a92b5194c94eaaaaeb8e8') in 0.002616 seconds
Number of updated asset objects reloaded before import = 0
Number of asset objects unloaded after import = 1
========================================================================
Received Import Request.
  Time since last request: 0.000078 seconds.
  path: Assets/Packages/System.Text.Json.7.0.3/System.Text.Json.nuspec
  artifactKey: Guid(cc182b7cf317245e8aeeaea74d5199e8) Importer(2089858483,0ecaa5967403d082aa24f35e1b516d23)
Start importing Assets/Packages/System.Text.Json.7.0.3/System.Text.Json.nuspec using Guid(cc182b7cf317245e8aeeaea74d5199e8) Importer(2089858483,0ecaa5967403d082aa24f35e1b516d23)  -> (artifact id: 'b3d7a2a54b7db5adc501e2675aa3d7ff') in 0.001158 seconds
Number of updated asset objects reloaded before import = 0
Number of asset objects unloaded after import = 1
========================================================================
Received Import Request.
  Time since last request: 0.000083 seconds.
  path: Assets/Packages/SocketIO.Serializer.SystemTextJson.3.1.1/SocketIO.Serializer.SystemTextJson.nuspec
  artifactKey: Guid(e8d765f6aca984826b66f5cbf9ff388b) Importer(2089858483,0ecaa5967403d082aa24f35e1b516d23)
Start importing Assets/Packages/SocketIO.Serializer.SystemTextJson.3.1.1/SocketIO.Serializer.SystemTextJson.nuspec using Guid(e8d765f6aca984826b66f5cbf9ff388b) Importer(2089858483,0ecaa5967403d082aa24f35e1b516d23)  -> (artifact id: '809e11bb85abba97827446f49e7dc3b8') in 0.005065 seconds
Number of updated asset objects reloaded before import = 0
Number of asset objects unloaded after import = 1
========================================================================
Received Import Request.
  Time since last request: 0.000095 seconds.
  path: Assets/WebGLTemplates/NewStruct.cs
  artifactKey: Guid(31d609aba9e2743e2af31bde46191770) Importer(2089858483,0ecaa5967403d082aa24f35e1b516d23)
Start importing Assets/WebGLTemplates/NewStruct.cs using Guid(31d609aba9e2743e2af31bde46191770) Importer(2089858483,0ecaa5967403d082aa24f35e1b516d23)  -> (artifact id: 'b54144be478bfc44caa037c50cf4ed6c') in 0.001501 seconds
Number of updated asset objects reloaded before import = 0
Number of asset objects unloaded after import = 1
========================================================================
Received Import Request.
  Time since last request: 0.000116 seconds.
  path: Assets/TextMesh Pro/Shaders/TMP_SDF-Mobile SSD.shader
  artifactKey: Guid(c8d12adcee749c344b8117cf7c7eb912) Importer(2089858483,0ecaa5967403d082aa24f35e1b516d23)
Start importing Assets/TextMesh Pro/Shaders/TMP_SDF-Mobile SSD.shader using Guid(c8d12adcee749c344b8117cf7c7eb912) Importer(2089858483,0ecaa5967403d082aa24f35e1b516d23)  -> (artifact id: '97b0fc9b3be1aef7e94b7ef25979e1a9') in 0.003153 seconds
Number of updated asset objects reloaded before import = 0
Number of asset objects unloaded after import = 1
========================================================================
Received Import Request.
  Time since last request: 0.000092 seconds.
  path: Assets/Packages/SocketIO.Serializer.Core.3.1.1/lib/netstandard2.0/SocketIO.Serializer.Core.dll
  artifactKey: Guid(5385bed7be8a0415bbf41aff46ee4c9c) Importer(2089858483,0ecaa5967403d082aa24f35e1b516d23)
Start importing Assets/Packages/SocketIO.Serializer.Core.3.1.1/lib/netstandard2.0/SocketIO.Serializer.Core.dll using Guid(5385bed7be8a0415bbf41aff46ee4c9c) Importer(2089858483,0ecaa5967403d082aa24f35e1b516d23)  -> (artifact id: '7cecc7be67c3bc84aa88875c6bc4f559') in 0.002591 seconds
Number of updated asset objects reloaded before import = 0
Number of asset objects unloaded after import = 1
========================================================================
Received Import Request.
  Time since last request: 0.000090 seconds.
  path: Assets/TextMesh Pro/Resources/LineBreaking Following Characters.txt
  artifactKey: Guid(fade42e8bc714b018fac513c043d323b) Importer(2089858483,0ecaa5967403d082aa24f35e1b516d23)
Start importing Assets/TextMesh Pro/Resources/LineBreaking Following Characters.txt using Guid(fade42e8bc714b018fac513c043d323b) Importer(2089858483,0ecaa5967403d082aa24f35e1b516d23)  -> (artifact id: 'a810de3fc9ed10c9d5f6f8338da9a098') in 0.002232 seconds
Number of updated asset objects reloaded before import = 0
Number of asset objects unloaded after import = 1
========================================================================
Received Import Request.
  Time since last request: 0.000091 seconds.
  path: Assets/TextMesh Pro/Shaders/TMP_SDF SSD.shader
  artifactKey: Guid(14eb328de4b8eb245bb7cea29e4ac00b) Importer(2089858483,0ecaa5967403d082aa24f35e1b516d23)
Start importing Assets/TextMesh Pro/Shaders/TMP_SDF SSD.shader using Guid(14eb328de4b8eb245bb7cea29e4ac00b) Importer(2089858483,0ecaa5967403d082aa24f35e1b516d23)  -> (artifact id: 'b1c74d6b1394a034a43e2c455fa569b0') in 0.003584 seconds
Number of updated asset objects reloaded before import = 0
Number of asset objects unloaded after import = 1
========================================================================
Received Import Request.
  Time since last request: 0.000076 seconds.
  path: Assets/Packages/Newtonsoft.Json.13.0.3/lib/netstandard2.0/Newtonsoft.Json.xml
  artifactKey: Guid(a2c47c76f50da4ae39ca0695341678ff) Importer(2089858483,0ecaa5967403d082aa24f35e1b516d23)
Start importing Assets/Packages/Newtonsoft.Json.13.0.3/lib/netstandard2.0/Newtonsoft.Json.xml using Guid(a2c47c76f50da4ae39ca0695341678ff) Importer(2089858483,0ecaa5967403d082aa24f35e1b516d23)  -> (artifact id: 'c61473f0b68bf1b32f77aafba7bac1a9') in 0.002457 seconds
Number of updated asset objects reloaded before import = 0
Number of asset objects unloaded after import = 1
========================================================================
Received Import Request.
  Time since last request: 0.000084 seconds.
  path: Assets/Packages/System.Runtime.CompilerServices.Unsafe.6.0.0/lib/netstandard2.0/System.Runtime.CompilerServices.Unsafe.xml
  artifactKey: Guid(bce39ae0dfb4543d088d0511a765a821) Importer(2089858483,0ecaa5967403d082aa24f35e1b516d23)
Start importing Assets/Packages/System.Runtime.CompilerServices.Unsafe.6.0.0/lib/netstandard2.0/System.Runtime.CompilerServices.Unsafe.xml using Guid(bce39ae0dfb4543d088d0511a765a821) Importer(2089858483,0ecaa5967403d082aa24f35e1b516d23)  -> (artifact id: '981320c52eae401d5b515cf850c40991') in 0.001658 seconds
Number of updated asset objects reloaded before import = 0
Number of asset objects unloaded after import = 1
========================================================================
Received Import Request.
  Time since last request: 0.000087 seconds.
  path: Assets/TextMesh Pro/Resources/Fonts & Materials/LiberationSans SDF - Fallback.asset
  artifactKey: Guid(2e498d1c8094910479dc3e1b768306a4) Importer(2089858483,0ecaa5967403d082aa24f35e1b516d23)
Start importing Assets/TextMesh Pro/Resources/Fonts & Materials/LiberationSans SDF - Fallback.asset using Guid(2e498d1c8094910479dc3e1b768306a4) Importer(2089858483,0ecaa5967403d082aa24f35e1b516d23)  -> (artifact id: '8a55e9eaa9d532a8025e0cc7979d883e') in 0.029056 seconds
Number of updated asset objects reloaded before import = 0
Number of asset objects unloaded after import = 5
========================================================================
Received Import Request.
  Time since last request: 0.000066 seconds.
  path: Assets/Packages/System.Text.Encodings.Web.7.0.0/THIRD-PARTY-NOTICES.TXT
  artifactKey: Guid(2feeead400fcc446cbe0d5ca3acb812d) Importer(2089858483,0ecaa5967403d082aa24f35e1b516d23)
Start importing Assets/Packages/System.Text.Encodings.Web.7.0.0/THIRD-PARTY-NOTICES.TXT using Guid(2feeead400fcc446cbe0d5ca3acb812d) Importer(2089858483,0ecaa5967403d082aa24f35e1b516d23)  -> (artifact id: '4352014fa5a736f064acff4fd9601be4') in 0.002697 seconds
Number of updated asset objects reloaded before import = 0
Number of asset objects unloaded after import = 1
========================================================================
Received Import Request.
  Time since last request: 0.000077 seconds.
  path: Assets/Packages/System.Runtime.CompilerServices.Unsafe.6.0.0/buildTransitive/netcoreapp2.0/System.Runtime.CompilerServices.Unsafe.targets
  artifactKey: Guid(5bf6c8ba9d1e041728fcccc2ceb750c5) Importer(2089858483,0ecaa5967403d082aa24f35e1b516d23)
Start importing Assets/Packages/System.Runtime.CompilerServices.Unsafe.6.0.0/buildTransitive/netcoreapp2.0/System.Runtime.CompilerServices.Unsafe.targets using Guid(5bf6c8ba9d1e041728fcccc2ceb750c5) Importer(2089858483,0ecaa5967403d082aa24f35e1b516d23)  -> (artifact id: '9e00db4441979d593ba7b7659d9ba230') in 0.001751 seconds
Number of updated asset objects reloaded before import = 0
Number of asset objects unloaded after import = 1
========================================================================
Received Import Request.
  Time since last request: 0.000098 seconds.
  path: Assets/Packages/Microsoft.Bcl.AsyncInterfaces.7.0.0/Icon.png
  artifactKey: Guid(d2a466b1461c543fa91e4b2d6bca3de5) Importer(2089858483,0ecaa5967403d082aa24f35e1b516d23)
Start importing Assets/Packages/Microsoft.Bcl.AsyncInterfaces.7.0.0/Icon.png using Guid(d2a466b1461c543fa91e4b2d6bca3de5) Importer(2089858483,0ecaa5967403d082aa24f35e1b516d23)  -> (artifact id: '1a9ef7fbaead4d677cbd634b90d1e441') in 0.009493 seconds
Number of updated asset objects reloaded before import = 0
Number of asset objects unloaded after import = 1
========================================================================
Received Import Request.
  Time since last request: 0.000080 seconds.
  path: Assets/Packages/Microsoft.Bcl.AsyncInterfaces.7.0.0/lib/netstandard2.1/Microsoft.Bcl.AsyncInterfaces.dll
  artifactKey: Guid(4b6d649bc56cd418a9793f6a58078e7d) Importer(2089858483,0ecaa5967403d082aa24f35e1b516d23)
Start importing Assets/Packages/Microsoft.Bcl.AsyncInterfaces.7.0.0/lib/netstandard2.1/Microsoft.Bcl.AsyncInterfaces.dll using Guid(4b6d649bc56cd418a9793f6a58078e7d) Importer(2089858483,0ecaa5967403d082aa24f35e1b516d23)  -> (artifact id: '485123181ad872e7a79e9ae6c17dfbbe') in 0.002864 seconds
Number of updated asset objects reloaded before import = 0
Number of asset objects unloaded after import = 1
========================================================================
Received Import Request.
  Time since last request: 0.000090 seconds.
  path: Assets/Packages/Newtonsoft.Json.13.0.3/LICENSE.md
  artifactKey: Guid(608e513829a7a4685946b8e4483046ff) Importer(2089858483,0ecaa5967403d082aa24f35e1b516d23)
Start importing Assets/Packages/Newtonsoft.Json.13.0.3/LICENSE.md using Guid(608e513829a7a4685946b8e4483046ff) Importer(2089858483,0ecaa5967403d082aa24f35e1b516d23)  -> (artifact id: '382de47f58773124aff720d9923d8184') in 0.001743 seconds
Number of updated asset objects reloaded before import = 0
Number of asset objects unloaded after import = 1
========================================================================
Received Import Request.
  Time since last request: 0.000086 seconds.
  path: Assets/Packages/Newtonsoft.Json.13.0.3/README.md
  artifactKey: Guid(75e44da48ec754d498e4507b20295b3b) Importer(2089858483,0ecaa5967403d082aa24f35e1b516d23)
Start importing Assets/Packages/Newtonsoft.Json.13.0.3/README.md using Guid(75e44da48ec754d498e4507b20295b3b) Importer(2089858483,0ecaa5967403d082aa24f35e1b516d23)  -> (artifact id: '36adce633e88e236b11b703c082b4b98') in 0.001633 seconds
Number of updated asset objects reloaded before import = 0
Number of asset objects unloaded after import = 1
========================================================================
Received Import Request.
  Time since last request: 0.000073 seconds.
  path: Assets/Packages/System.Text.Json.7.0.3/buildTransitive/net462/System.Text.Json.targets
  artifactKey: Guid(488e40f3ce8a14fe8926435fa4e46da9) Importer(2089858483,0ecaa5967403d082aa24f35e1b516d23)
Start importing Assets/Packages/System.Text.Json.7.0.3/buildTransitive/net462/System.Text.Json.targets using Guid(488e40f3ce8a14fe8926435fa4e46da9) Importer(2089858483,0ecaa5967403d082aa24f35e1b516d23)  -> (artifact id: 'b566fd12521edf966bcd39c06c6ac84e') in 0.001417 seconds
Number of updated asset objects reloaded before import = 0
Number of asset objects unloaded after import = 1
========================================================================
Received Import Request.
  Time since last request: 0.000072 seconds.
  path: Assets/TextMesh Pro/Shaders/TMP_Bitmap-Mobile.shader
  artifactKey: Guid(1e3b057af24249748ff873be7fafee47) Importer(2089858483,0ecaa5967403d082aa24f35e1b516d23)
Start importing Assets/TextMesh Pro/Shaders/TMP_Bitmap-Mobile.shader using Guid(1e3b057af24249748ff873be7fafee47) Importer(2089858483,0ecaa5967403d082aa24f35e1b516d23)  -> (artifact id: 'b3ebecee18024ed9a4b3313bd0e5678a') in 0.002349 seconds
Number of updated asset objects reloaded before import = 0
Number of asset objects unloaded after import = 1
========================================================================
Received Import Request.
  Time since last request: 0.000089 seconds.
  path: Assets/Packages/System.Text.Json.7.0.3/useSharedDesignerContext.txt
  artifactKey: Guid(100753137b80b4015be09a3c2a1df65a) Importer(2089858483,0ecaa5967403d082aa24f35e1b516d23)
Start importing Assets/Packages/System.Text.Json.7.0.3/useSharedDesignerContext.txt using Guid(100753137b80b4015be09a3c2a1df65a) Importer(2089858483,0ecaa5967403d082aa24f35e1b516d23)  -> (artifact id: '0847f96596e84ab59d42013b3fc01e5e') in 0.002149 seconds
Number of updated asset objects reloaded before import = 0
Number of asset objects unloaded after import = 1
========================================================================
Received Import Request.
  Time since last request: 0.000078 seconds.
  path: Assets/Packages/SocketIO.Serializer.Core.3.1.1/SocketIO.Serializer.Core.nuspec
  artifactKey: Guid(48b4dc2265d814469a4c1e59c2c14cb8) Importer(2089858483,0ecaa5967403d082aa24f35e1b516d23)
Start importing Assets/Packages/SocketIO.Serializer.Core.3.1.1/SocketIO.Serializer.Core.nuspec using Guid(48b4dc2265d814469a4c1e59c2c14cb8) Importer(2089858483,0ecaa5967403d082aa24f35e1b516d23)  -> (artifact id: 'b0dd239216e3651528d432b7e68ccf73') in 0.001298 seconds
Number of updated asset objects reloaded before import = 0
Number of asset objects unloaded after import = 1
========================================================================
Received Import Request.
  Time since last request: 0.000131 seconds.
  path: Assets/Packages/System.Text.Encodings.Web.7.0.0/buildTransitive/net462/_._
  artifactKey: Guid(a3775aba198cb4aee8e2843f7721f107) Importer(2089858483,0ecaa5967403d082aa24f35e1b516d23)
Start importing Assets/Packages/System.Text.Encodings.Web.7.0.0/buildTransitive/net462/_._ using Guid(a3775aba198cb4aee8e2843f7721f107) Importer(2089858483,0ecaa5967403d082aa24f35e1b516d23)  -> (artifact id: '17d44b39796e910507ba0cc7b525e3a0') in 0.001442 seconds
Number of updated asset objects reloaded before import = 0
Number of asset objects unloaded after import = 1
========================================================================
Received Import Request.
  Time since last request: 0.000074 seconds.
  path: Assets/NuGet/Resources/defaultIcon.png
  artifactKey: Guid(eec19781926cd2248b7c9abfde8db555) Importer(2089858483,0ecaa5967403d082aa24f35e1b516d23)
Start importing Assets/NuGet/Resources/defaultIcon.png using Guid(eec19781926cd2248b7c9abfde8db555) Importer(2089858483,0ecaa5967403d082aa24f35e1b516d23)  -> (artifact id: '8b3c213d70a687ad0b0fac1d4a0c3566') in 0.013020 seconds
Number of updated asset objects reloaded before import = 0
Number of asset objects unloaded after import = 3
========================================================================
Received Import Request.
  Time since last request: 0.000058 seconds.
  path: Assets/TextMesh Pro/Fonts/LiberationSans - OFL.txt
  artifactKey: Guid(6e59c59b81ab47f9b6ec5781fa725d2c) Importer(2089858483,0ecaa5967403d082aa24f35e1b516d23)
Start importing Assets/TextMesh Pro/Fonts/LiberationSans - OFL.txt using Guid(6e59c59b81ab47f9b6ec5781fa725d2c) Importer(2089858483,0ecaa5967403d082aa24f35e1b516d23)  -> (artifact id: '5e0a157741ea44d33258cd11351fe7ee') in 0.002498 seconds
Number of updated asset objects reloaded before import = 0
Number of asset objects unloaded after import = 1
========================================================================
Received Import Request.
  Time since last request: 0.000086 seconds.
  path: Assets/Packages/Microsoft.Bcl.AsyncInterfaces.7.0.0/useSharedDesignerContext.txt
  artifactKey: Guid(113c36259939d4d34b4ed67af350a121) Importer(2089858483,0ecaa5967403d082aa24f35e1b516d23)
Start importing Assets/Packages/Microsoft.Bcl.AsyncInterfaces.7.0.0/useSharedDesignerContext.txt using Guid(113c36259939d4d34b4ed67af350a121) Importer(2089858483,0ecaa5967403d082aa24f35e1b516d23)  -> (artifact id: 'eb7b356ecc4832f59e2d3f90df491ae2') in 0.001639 seconds
Number of updated asset objects reloaded before import = 0
Number of asset objects unloaded after import = 1
========================================================================
Received Import Request.
  Time since last request: 0.000095 seconds.
  path: Assets/Packages/SocketIO.Core.3.1.1/SocketIO.Core.nuspec
  artifactKey: Guid(538f1ba22340c43f8a244d9fa274e6a3) Importer(2089858483,0ecaa5967403d082aa24f35e1b516d23)
Start importing Assets/Packages/SocketIO.Core.3.1.1/SocketIO.Core.nuspec using Guid(538f1ba22340c43f8a244d9fa274e6a3) Importer(2089858483,0ecaa5967403d082aa24f35e1b516d23)  -> (artifact id: 'e5d01f9dcc33154c9eb3bc5fd0040b8d') in 0.001496 seconds
Number of updated asset objects reloaded before import = 0
Number of asset objects unloaded after import = 1
========================================================================
Received Import Request.
  Time since last request: 0.148693 seconds.
  path: Assets/Packages/System.Text.Json.7.0.3/buildTransitive/net6.0/System.Text.Json.targets
  artifactKey: Guid(78cb7a99c08824635a247aaad6ca73dd) Importer(2089858483,0ecaa5967403d082aa24f35e1b516d23)
Start importing Assets/Packages/System.Text.Json.7.0.3/buildTransitive/net6.0/System.Text.Json.targets using Guid(78cb7a99c08824635a247aaad6ca73dd) Importer(2089858483,0ecaa5967403d082aa24f35e1b516d23)  -> (artifact id: 'be1fdbdfb3d2e65157d46f3e18291c22') in 0.003192 seconds
Number of updated asset objects reloaded before import = 0
Number of asset objects unloaded after import = 1
========================================================================
Received Import Request.
  Time since last request: 0.000118 seconds.
  path: Assets/Packages/System.Text.Json.7.0.3/analyzers/dotnet/roslyn4.0/cs/ja/System.Text.Json.SourceGeneration.resources.dll
  artifactKey: Guid(0269579923904477baffac30a91f7b5e) Importer(2089858483,0ecaa5967403d082aa24f35e1b516d23)
Start importing Assets/Packages/System.Text.Json.7.0.3/analyzers/dotnet/roslyn4.0/cs/ja/System.Text.Json.SourceGeneration.resources.dll using Guid(0269579923904477baffac30a91f7b5e) Importer(2089858483,0ecaa5967403d082aa24f35e1b516d23)  -> (artifact id: 'e720888ef6998855acdd022f5154eb6e') in 0.004543 seconds
Number of updated asset objects reloaded before import = 0
Number of asset objects unloaded after import = 1
========================================================================
Received Import Request.
  Time since last request: 0.000054 seconds.
  path: Assets/Packages/System.Text.Json.7.0.3/analyzers/dotnet/roslyn4.0/cs/ru/System.Text.Json.SourceGeneration.resources.dll
  artifactKey: Guid(9cab599acbe634203944c0fd7a798063) Importer(2089858483,0ecaa5967403d082aa24f35e1b516d23)
Start importing Assets/Packages/System.Text.Json.7.0.3/analyzers/dotnet/roslyn4.0/cs/ru/System.Text.Json.SourceGeneration.resources.dll using Guid(9cab599acbe634203944c0fd7a798063) Importer(2089858483,0ecaa5967403d082aa24f35e1b516d23)  -> (artifact id: 'd4be4fb81f1e9e6fce362d870f3e3bde') in 0.004924 seconds
Number of updated asset objects reloaded before import = 0
Number of asset objects unloaded after import = 1
========================================================================
Received Import Request.
  Time since last request: 0.000091 seconds.
  path: Assets/Packages/System.Text.Json.7.0.3/analyzers/dotnet/roslyn3.11/cs/System.Text.Json.SourceGeneration.dll
  artifactKey: Guid(d5c3c72ebfdb04c14852349032518e36) Importer(2089858483,0ecaa5967403d082aa24f35e1b516d23)
Start importing Assets/Packages/System.Text.Json.7.0.3/analyzers/dotnet/roslyn3.11/cs/System.Text.Json.SourceGeneration.dll using Guid(d5c3c72ebfdb04c14852349032518e36) Importer(2089858483,0ecaa5967403d082aa24f35e1b516d23)  -> (artifact id: 'f45257d6c7401d20e3e1fcfd43867d59') in 0.003580 seconds
Number of updated asset objects reloaded before import = 0
Number of asset objects unloaded after import = 1
========================================================================
Received Import Request.
  Time since last request: 0.000107 seconds.
  path: Assets/Packages/System.Text.Json.7.0.3/analyzers/dotnet/roslyn3.11/cs/de/System.Text.Json.SourceGeneration.resources.dll
  artifactKey: Guid(e1db43fdcef244659ac457eda77f09b4) Importer(2089858483,0ecaa5967403d082aa24f35e1b516d23)
Start importing Assets/Packages/System.Text.Json.7.0.3/analyzers/dotnet/roslyn3.11/cs/de/System.Text.Json.SourceGeneration.resources.dll using Guid(e1db43fdcef244659ac457eda77f09b4) Importer(2089858483,0ecaa5967403d082aa24f35e1b516d23)  -> (artifact id: 'c094dfa703dcb533aa5157ba205ef643') in 0.004916 seconds
Number of updated asset objects reloaded before import = 0
Number of asset objects unloaded after import = 1
========================================================================
Received Import Request.
  Time since last request: 0.000085 seconds.
  path: Assets/Packages/System.Text.Json.7.0.3/analyzers/dotnet/roslyn4.4/cs/ja/System.Text.Json.SourceGeneration.resources.dll
  artifactKey: Guid(91beccc2ac6674ff5a440583828c8e1f) Importer(2089858483,0ecaa5967403d082aa24f35e1b516d23)
Start importing Assets/Packages/System.Text.Json.7.0.3/analyzers/dotnet/roslyn4.4/cs/ja/System.Text.Json.SourceGeneration.resources.dll using Guid(91beccc2ac6674ff5a440583828c8e1f) Importer(2089858483,0ecaa5967403d082aa24f35e1b516d23)  -> (artifact id: 'd436f11ff14c01baa21f31fdb9cfe6dc') in 0.003403 seconds
Number of updated asset objects reloaded before import = 0
Number of asset objects unloaded after import = 1
========================================================================
Received Import Request.
  Time since last request: 0.000069 seconds.
  path: Assets/Packages/System.Text.Json.7.0.3/analyzers/dotnet/roslyn3.11/cs/ja/System.Text.Json.SourceGeneration.resources.dll
  artifactKey: Guid(e9e8a4cbba24b49ad9b5b57c70bc4357) Importer(2089858483,0ecaa5967403d082aa24f35e1b516d23)
Start importing Assets/Packages/System.Text.Json.7.0.3/analyzers/dotnet/roslyn3.11/cs/ja/System.Text.Json.SourceGeneration.resources.dll using Guid(e9e8a4cbba24b49ad9b5b57c70bc4357) Importer(2089858483,0ecaa5967403d082aa24f35e1b516d23)  -> (artifact id: 'b34d58d2254b6626c7944ff76b67236e') in 0.003922 seconds
Number of updated asset objects reloaded before import = 0
Number of asset objects unloaded after import = 1
========================================================================
Received Import Request.
  Time since last request: 0.000088 seconds.
  path: Assets/Packages/System.Text.Json.7.0.3/lib/netstandard2.0/System.Text.Json.xml
  artifactKey: Guid(c764586ab7ce74e8191f254eb7333dc5) Importer(2089858483,0ecaa5967403d082aa24f35e1b516d23)
Start importing Assets/Packages/System.Text.Json.7.0.3/lib/netstandard2.0/System.Text.Json.xml using Guid(c764586ab7ce74e8191f254eb7333dc5) Importer(2089858483,0ecaa5967403d082aa24f35e1b516d23)  -> (artifact id: '93163a1546194a6cc0f955dc63b4b526') in 0.002458 seconds
Number of updated asset objects reloaded before import = 0
Number of asset objects unloaded after import = 1
========================================================================
Received Import Request.
  Time since last request: 0.000073 seconds.
  path: Assets/Packages/System.Text.Json.7.0.3/analyzers/dotnet/roslyn4.4/cs/ko/System.Text.Json.SourceGeneration.resources.dll
  artifactKey: Guid(02af3cac942274180a2e2d89bd0e3a1d) Importer(2089858483,0ecaa5967403d082aa24f35e1b516d23)
Start importing Assets/Packages/System.Text.Json.7.0.3/analyzers/dotnet/roslyn4.4/cs/ko/System.Text.Json.SourceGeneration.resources.dll using Guid(02af3cac942274180a2e2d89bd0e3a1d) Importer(2089858483,0ecaa5967403d082aa24f35e1b516d23)  -> (artifact id: '9cf0af5998cf34ce63f6f12ae369876b') in 0.003212 seconds
Number of updated asset objects reloaded before import = 0
Number of asset objects unloaded after import = 1
========================================================================
Received Import Request.
  Time since last request: 0.000084 seconds.
  path: Assets/Packages/System.Text.Json.7.0.3/analyzers/dotnet/roslyn4.0/cs/zh-Hans/System.Text.Json.SourceGeneration.resources.dll
  artifactKey: Guid(54566af10d1844bd29ebd8475f6daff2) Importer(2089858483,0ecaa5967403d082aa24f35e1b516d23)
Start importing Assets/Packages/System.Text.Json.7.0.3/analyzers/dotnet/roslyn4.0/cs/zh-Hans/System.Text.Json.SourceGeneration.resources.dll using Guid(54566af10d1844bd29ebd8475f6daff2) Importer(2089858483,0ecaa5967403d082aa24f35e1b516d23)  -> (artifact id: '0d883c103582cd54b49e5ce119f4c842') in 0.003777 seconds
Number of updated asset objects reloaded before import = 0
Number of asset objects unloaded after import = 1
========================================================================
Received Import Request.
  Time since last request: 0.000082 seconds.
  path: Assets/Packages/System.Text.Json.7.0.3/analyzers/dotnet/roslyn4.4/cs/cs/System.Text.Json.SourceGeneration.resources.dll
  artifactKey: Guid(3b25560c70c104bb99a3047bfc30e599) Importer(2089858483,0ecaa5967403d082aa24f35e1b516d23)
Start importing Assets/Packages/System.Text.Json.7.0.3/analyzers/dotnet/roslyn4.4/cs/cs/System.Text.Json.SourceGeneration.resources.dll using Guid(3b25560c70c104bb99a3047bfc30e599) Importer(2089858483,0ecaa5967403d082aa24f35e1b516d23)  -> (artifact id: '0c2f17161bc20427c8491e39085d8240') in 0.003128 seconds
Number of updated asset objects reloaded before import = 0
Number of asset objects unloaded after import = 1
========================================================================
Received Import Request.
  Time since last request: 0.000072 seconds.
  path: Assets/Packages/System.Text.Json.7.0.3/analyzers/dotnet/roslyn4.0/cs/es/System.Text.Json.SourceGeneration.resources.dll
  artifactKey: Guid(d797ce636d81e4f58854b4bb4909eb47) Importer(2089858483,0ecaa5967403d082aa24f35e1b516d23)
Start importing Assets/Packages/System.Text.Json.7.0.3/analyzers/dotnet/roslyn4.0/cs/es/System.Text.Json.SourceGeneration.resources.dll using Guid(d797ce636d81e4f58854b4bb4909eb47) Importer(2089858483,0ecaa5967403d082aa24f35e1b516d23)  -> (artifact id: 'c21283ee4e7cd40d750c83c9d3b5fd79') in 0.004088 seconds
Number of updated asset objects reloaded before import = 0
Number of asset objects unloaded after import = 1
========================================================================
Received Import Request.
  Time since last request: 0.000051 seconds.
  path: Assets/Packages/System.Text.Json.7.0.3/analyzers/dotnet/roslyn4.0/cs/System.Text.Json.SourceGeneration.dll
  artifactKey: Guid(96acfdd59076b4d309470eef25e8765f) Importer(2089858483,0ecaa5967403d082aa24f35e1b516d23)
Start importing Assets/Packages/System.Text.Json.7.0.3/analyzers/dotnet/roslyn4.0/cs/System.Text.Json.SourceGeneration.dll using Guid(96acfdd59076b4d309470eef25e8765f) Importer(2089858483,0ecaa5967403d082aa24f35e1b516d23)  -> (artifact id: '20e62a86685e9a3eaa74307475d136de') in 0.003508 seconds
Number of updated asset objects reloaded before import = 0
Number of asset objects unloaded after import = 1
========================================================================
Received Import Request.
  Time since last request: 0.000066 seconds.
  path: Assets/Packages/System.Text.Json.7.0.3/analyzers/dotnet/roslyn4.4/cs/ru/System.Text.Json.SourceGeneration.resources.dll
  artifactKey: Guid(fa4b46347287940009a8e285c2652433) Importer(2089858483,0ecaa5967403d082aa24f35e1b516d23)
Start importing Assets/Packages/System.Text.Json.7.0.3/analyzers/dotnet/roslyn4.4/cs/ru/System.Text.Json.SourceGeneration.resources.dll using Guid(fa4b46347287940009a8e285c2652433) Importer(2089858483,0ecaa5967403d082aa24f35e1b516d23)  -> (artifact id: '66ca53cc85e3f56cb72bb012243dfe62') in 0.003706 seconds
Number of updated asset objects reloaded before import = 0
Number of asset objects unloaded after import = 1
========================================================================
Received Import Request.
  Time since last request: 0.000062 seconds.
  path: Assets/Packages/System.Text.Json.7.0.3/analyzers/dotnet/roslyn4.4/cs/zh-Hans/System.Text.Json.SourceGeneration.resources.dll
  artifactKey: Guid(a6399925ba57b4728a72ced9d5ddf29d) Importer(2089858483,0ecaa5967403d082aa24f35e1b516d23)
Start importing Assets/Packages/System.Text.Json.7.0.3/analyzers/dotnet/roslyn4.4/cs/zh-Hans/System.Text.Json.SourceGeneration.resources.dll using Guid(a6399925ba57b4728a72ced9d5ddf29d) Importer(2089858483,0ecaa5967403d082aa24f35e1b516d23)  -> (artifact id: 'f8ef8e0829d0db2e999e51fe5e540eaa') in 0.003340 seconds
Number of updated asset objects reloaded before import = 0
Number of asset objects unloaded after import = 1
========================================================================
Received Import Request.
  Time since last request: 0.000075 seconds.
  path: Assets/Packages/System.Text.Json.7.0.3/analyzers/dotnet/roslyn4.4/cs/de/System.Text.Json.SourceGeneration.resources.dll
  artifactKey: Guid(122c52f9c4c734996a85f4f9d01f5d39) Importer(2089858483,0ecaa5967403d082aa24f35e1b516d23)
Start importing Assets/Packages/System.Text.Json.7.0.3/analyzers/dotnet/roslyn4.4/cs/de/System.Text.Json.SourceGeneration.resources.dll using Guid(122c52f9c4c734996a85f4f9d01f5d39) Importer(2089858483,0ecaa5967403d082aa24f35e1b516d23)  -> (artifact id: 'acf38c8e4207005a693d6726c76f1ce6') in 0.004234 seconds
Number of updated asset objects reloaded before import = 0
Number of asset objects unloaded after import = 1
========================================================================
Received Import Request.
  Time since last request: 0.000040 seconds.
  path: Assets/Packages/System.Text.Json.7.0.3/analyzers/dotnet/roslyn4.0/cs/it/System.Text.Json.SourceGeneration.resources.dll
  artifactKey: Guid(fddd7b2d863164eddb107b8b4e544151) Importer(2089858483,0ecaa5967403d082aa24f35e1b516d23)
Start importing Assets/Packages/System.Text.Json.7.0.3/analyzers/dotnet/roslyn4.0/cs/it/System.Text.Json.SourceGeneration.resources.dll using Guid(fddd7b2d863164eddb107b8b4e544151) Importer(2089858483,0ecaa5967403d082aa24f35e1b516d23)  -> (artifact id: 'da32671acbb589d38b46e56bc1e78710') in 0.004203 seconds
Number of updated asset objects reloaded before import = 0
Number of asset objects unloaded after import = 1
========================================================================
Received Import Request.
  Time since last request: 0.000073 seconds.
  path: Assets/Packages/System.Text.Json.7.0.3/analyzers/dotnet/roslyn3.11/cs/pt-BR/System.Text.Json.SourceGeneration.resources.dll
  artifactKey: Guid(eae16acc8ad514c38a6ae300e2ccabc3) Importer(2089858483,0ecaa5967403d082aa24f35e1b516d23)
Start importing Assets/Packages/System.Text.Json.7.0.3/analyzers/dotnet/roslyn3.11/cs/pt-BR/System.Text.Json.SourceGeneration.resources.dll using Guid(eae16acc8ad514c38a6ae300e2ccabc3) Importer(2089858483,0ecaa5967403d082aa24f35e1b516d23)  -> (artifact id: '3a3786d25d801199bde07c5e29b488d2') in 0.003359 seconds
Number of updated asset objects reloaded before import = 0
Number of asset objects unloaded after import = 1
========================================================================
Received Import Request.
  Time since last request: 0.000095 seconds.
  path: Assets/Packages/System.Text.Json.7.0.3/analyzers/dotnet/roslyn3.11/cs/tr/System.Text.Json.SourceGeneration.resources.dll
  artifactKey: Guid(06c4a3cdab12f4263b78441441b77365) Importer(2089858483,0ecaa5967403d082aa24f35e1b516d23)
Start importing Assets/Packages/System.Text.Json.7.0.3/analyzers/dotnet/roslyn3.11/cs/tr/System.Text.Json.SourceGeneration.resources.dll using Guid(06c4a3cdab12f4263b78441441b77365) Importer(2089858483,0ecaa5967403d082aa24f35e1b516d23)  -> (artifact id: '812b7d1c0c12d9fa6ae99350f7fe78cd') in 0.003390 seconds
Number of updated asset objects reloaded before import = 0
Number of asset objects unloaded after import = 1
========================================================================
Received Import Request.
  Time since last request: 0.000088 seconds.
  path: Assets/Packages/System.Text.Json.7.0.3/analyzers/dotnet/roslyn4.0/cs/zh-Hant/System.Text.Json.SourceGeneration.resources.dll
  artifactKey: Guid(104d305c45e1d4caea78ca293432e42c) Importer(2089858483,0ecaa5967403d082aa24f35e1b516d23)
Start importing Assets/Packages/System.Text.Json.7.0.3/analyzers/dotnet/roslyn4.0/cs/zh-Hant/System.Text.Json.SourceGeneration.resources.dll using Guid(104d305c45e1d4caea78ca293432e42c) Importer(2089858483,0ecaa5967403d082aa24f35e1b516d23)  -> (artifact id: '1ce66e7ff40c33724e73433ae60a2868') in 0.004161 seconds
Number of updated asset objects reloaded before import = 0
Number of asset objects unloaded after import = 1
========================================================================
Received Import Request.
  Time since last request: 0.000065 seconds.
  path: Assets/Packages/System.Text.Json.7.0.3/analyzers/dotnet/roslyn4.0/cs/fr/System.Text.Json.SourceGeneration.resources.dll
  artifactKey: Guid(5520a64d44c5c4fa1a67fe4236a5b547) Importer(2089858483,0ecaa5967403d082aa24f35e1b516d23)
Start importing Assets/Packages/System.Text.Json.7.0.3/analyzers/dotnet/roslyn4.0/cs/fr/System.Text.Json.SourceGeneration.resources.dll using Guid(5520a64d44c5c4fa1a67fe4236a5b547) Importer(2089858483,0ecaa5967403d082aa24f35e1b516d23)  -> (artifact id: '74816233fe46b11a146fec2c6989de58') in 0.003412 seconds
Number of updated asset objects reloaded before import = 0
Number of asset objects unloaded after import = 1
========================================================================
Received Import Request.
  Time since last request: 0.000054 seconds.
  path: Assets/Packages/System.Text.Json.7.0.3/buildTransitive/netstandard2.0/System.Text.Json.targets
  artifactKey: Guid(e93fd8abb047241409fa86f5d4e31b44) Importer(2089858483,0ecaa5967403d082aa24f35e1b516d23)
Start importing Assets/Packages/System.Text.Json.7.0.3/buildTransitive/netstandard2.0/System.Text.Json.targets using Guid(e93fd8abb047241409fa86f5d4e31b44) Importer(2089858483,0ecaa5967403d082aa24f35e1b516d23)  -> (artifact id: 'e7fce9813ae6d498499ecc9140b1e248') in 0.001485 seconds
Number of updated asset objects reloaded before import = 0
Number of asset objects unloaded after import = 1
========================================================================
Received Import Request.
  Time since last request: 0.000064 seconds.
  path: Assets/Packages/System.Text.Json.7.0.3/analyzers/dotnet/roslyn4.4/cs/fr/System.Text.Json.SourceGeneration.resources.dll
  artifactKey: Guid(660184e77c1cd46f9932ad871d5e8808) Importer(2089858483,0ecaa5967403d082aa24f35e1b516d23)
Start importing Assets/Packages/System.Text.Json.7.0.3/analyzers/dotnet/roslyn4.4/cs/fr/System.Text.Json.SourceGeneration.resources.dll using Guid(660184e77c1cd46f9932ad871d5e8808) Importer(2089858483,0ecaa5967403d082aa24f35e1b516d23)  -> (artifact id: 'bd26e878e810bbaaebb77da47b71a078') in 0.004045 seconds
Number of updated asset objects reloaded before import = 0
Number of asset objects unloaded after import = 1
========================================================================
Received Import Request.
  Time since last request: 0.000113 seconds.
  path: Assets/Packages/System.Text.Json.7.0.3/analyzers/dotnet/roslyn3.11/cs/zh-Hans/System.Text.Json.SourceGeneration.resources.dll
  artifactKey: Guid(d55c60205eba246618fdd3d5511babdb) Importer(2089858483,0ecaa5967403d082aa24f35e1b516d23)
Start importing Assets/Packages/System.Text.Json.7.0.3/analyzers/dotnet/roslyn3.11/cs/zh-Hans/System.Text.Json.SourceGeneration.resources.dll using Guid(d55c60205eba246618fdd3d5511babdb) Importer(2089858483,0ecaa5967403d082aa24f35e1b516d23)  -> (artifact id: '4d13bab23bf7256dc87833c4492b54a8') in 0.003274 seconds
Number of updated asset objects reloaded before import = 0
Number of asset objects unloaded after import = 1
