Unity Editor version:    2022.3.28f1 (6bae5ce6b222)
Branch:                  2022.3/staging
Build type:              Release
Batch mode:              YES
macOS version:           Version 14.3.1 (Build 23D60)
Darwin version:          23.3.0
Architecture:            arm64
Running under Rosetta:   NO
Available memory:        16384 MB
Using pre-set license
Pro License: YES

COMMAND LINE ARGUMENTS:
/Applications/Unity/Hub/Editor/2022.3.28f1/Unity.app/Contents/MacOS/Unity
-adb2
-batchMode
-noUpm
-name
AssetImportWorker1
-projectPath
/Users/razvanpavelescu/enigma-lake/zoot-unity-sdk/Zoot SDK
-logFile
Logs/AssetImportWorker1.log
-srvPort
50320
Successfully changed project path to: /Users/razvanpavelescu/enigma-lake/zoot-unity-sdk/Zoot SDK
/Users/razvanpavelescu/enigma-lake/zoot-unity-sdk/Zoot SDK
[UnityMemory] Configuration Parameters - Can be set up in boot.config
    "memorysetup-bucket-allocator-granularity=16"
    "memorysetup-bucket-allocator-bucket-count=8"
    "memorysetup-bucket-allocator-block-size=33554432"
    "memorysetup-bucket-allocator-block-count=8"
    "memorysetup-main-allocator-block-size=16777216"
    "memorysetup-thread-allocator-block-size=16777216"
    "memorysetup-gfx-main-allocator-block-size=16777216"
    "memorysetup-gfx-thread-allocator-block-size=16777216"
    "memorysetup-cache-allocator-block-size=4194304"
    "memorysetup-typetree-allocator-block-size=2097152"
    "memorysetup-profiler-bucket-allocator-granularity=16"
    "memorysetup-profiler-bucket-allocator-bucket-count=8"
    "memorysetup-profiler-bucket-allocator-block-size=33554432"
    "memorysetup-profiler-bucket-allocator-block-count=8"
    "memorysetup-profiler-allocator-block-size=16777216"
    "memorysetup-profiler-editor-allocator-block-size=1048576"
    "memorysetup-temp-allocator-size-main=16777216"
    "memorysetup-job-temp-allocator-block-size=2097152"
    "memorysetup-job-temp-allocator-block-size-background=1048576"
    "memorysetup-job-temp-allocator-reduction-small-platforms=262144"
    "memorysetup-allocator-temp-initial-block-size-main=262144"
    "memorysetup-allocator-temp-initial-block-size-worker=262144"
    "memorysetup-temp-allocator-size-background-worker=32768"
    "memorysetup-temp-allocator-size-job-worker=262144"
    "memorysetup-temp-allocator-size-preload-manager=33554432"
    "memorysetup-temp-allocator-size-nav-mesh-worker=65536"
    "memorysetup-temp-allocator-size-audio-worker=65536"
    "memorysetup-temp-allocator-size-cloud-worker=32768"
    "memorysetup-temp-allocator-size-gi-baking-worker=262144"
    "memorysetup-temp-allocator-size-gfx=262144"
Player connection [7951391808] Host "[IP] 192.168.1.132 [Port] 0 [Flags] 2 [Guid] 4099003511 [EditorId] 4099003511 [Version] 1048832 [Id] OSXEditor(0,Razvans-MacBook-Pro.local) [Debug] 1 [PackageName] OSXEditor [ProjectName] Editor" joined multi-casting on [225.0.0.222:54997]...

Player connection [7951391808] Host "[IP] 192.168.1.132 [Port] 0 [Flags] 2 [Guid] 4099003511 [EditorId] 4099003511 [Version] 1048832 [Id] OSXEditor(0,Razvans-MacBook-Pro.local) [Debug] 1 [PackageName] OSXEditor [ProjectName] Editor" joined alternative multi-casting on [225.0.0.222:34997]...

[Physics::Module] Initialized MultithreadedJobDispatcher with 9 workers.
Refreshing native plugins compatible for Editor in 30.19 ms, found 2 plugins.
Preloading 0 native plugins for Editor in 0.00 ms.
Initialize engine version: 2022.3.28f1 (6bae5ce6b222)
[Subsystems] Discovering subsystems at path /Applications/Unity/Hub/Editor/2022.3.28f1/Unity.app/Contents/Resources/UnitySubsystems
[Subsystems] Discovering subsystems at path /Users/razvanpavelescu/enigma-lake/zoot-unity-sdk/Zoot SDK/Assets
GfxDevice: creating device client; threaded=0; jobified=0
 preferred device: Apple M1 Pro (high power)
Metal devices available: 1
0: Apple M1 Pro (high power)
Using device Apple M1 Pro (high power)
Initializing Metal device caps: Apple M1 Pro
Initialize mono
Mono path[0] = '/Applications/Unity/Hub/Editor/2022.3.28f1/Unity.app/Contents/Managed'
Mono path[1] = '/Applications/Unity/Hub/Editor/2022.3.28f1/Unity.app/Contents/MonoBleedingEdge/lib/mono/unityjit-macos'
Mono config path = '/Applications/Unity/Hub/Editor/2022.3.28f1/Unity.app/Contents/MonoBleedingEdge/etc'
Using monoOptions --debugger-agent=transport=dt_socket,embedding=1,server=y,suspend=n,address=127.0.0.1:56980
Begin MonoManager ReloadAssembly
Registering precompiled unity dll's ...
Register platform support module: /Applications/Unity/Hub/Editor/2022.3.28f1/PlaybackEngines/WebGLSupport/UnityEditor.WebGL.Extensions.dll
Register platform support module: /Applications/Unity/Hub/Editor/2022.3.28f1/Unity.app/Contents/PlaybackEngines/MacStandaloneSupport/UnityEditor.OSXStandalone.Extensions.dll
Registered in 0.002348 seconds.
- Loaded All Assemblies, in  0.264 seconds
Native extension for OSXStandalone target not found
Native extension for WebGL target not found
Mono: successfully reloaded assembly
- Finished resetting the current domain, in  0.174 seconds
Domain Reload Profiling: 437ms
	BeginReloadAssembly (96ms)
		ExecutionOrderSort (0ms)
		DisableScriptedObjects (0ms)
		BackupInstance (0ms)
		ReleaseScriptingObjects (0ms)
		CreateAndSetChildDomain (0ms)
	RebuildCommonClasses (24ms)
	RebuildNativeTypeToScriptingClass (8ms)
	initialDomainReloadingComplete (32ms)
	LoadAllAssembliesAndSetupDomain (104ms)
		LoadAssemblies (96ms)
		RebuildTransferFunctionScriptingTraits (0ms)
		AnalyzeDomain (102ms)
			TypeCache.Refresh (101ms)
				TypeCache.ScanAssembly (90ms)
			ScanForSourceGeneratedMonoScriptInfo (0ms)
			ResolveRequiredComponents (0ms)
	FinalizeReload (174ms)
		ReleaseScriptCaches (0ms)
		RebuildScriptCaches (0ms)
		SetupLoadedEditorAssemblies (133ms)
			LogAssemblyErrors (0ms)
			InitializePlatformSupportModulesInManaged (6ms)
			SetLoadedEditorAssemblies (4ms)
			RefreshPlugins (0ms)
			BeforeProcessingInitializeOnLoad (1ms)
			ProcessInitializeOnLoadAttributes (92ms)
			ProcessInitializeOnLoadMethodAttributes (29ms)
			AfterProcessingInitializeOnLoad (0ms)
			EditorAssembliesLoaded (0ms)
		ExecutionOrderSort2 (0ms)
		AwakeInstancesAfterBackupRestoration (0ms)
========================================================================
Worker process is ready to serve import requests
Begin MonoManager ReloadAssembly
- Loaded All Assemblies, in  0.730 seconds
Refreshing native plugins compatible for Editor in 2.93 ms, found 2 plugins.
Native extension for OSXStandalone target not found
Native extension for WebGL target not found
Package Manager log level set to [2]
[Package Manager] Server::EnsureServerProcessIsRunning -- launch failed, reason: Unity was launched with the -noUpm command-line argument
[Package Manager] UpmClient::Send -- Unable to send message (not connected to UPM process).
[Package Manager] Cannot connect to Unity Package Manager local server
Mono: successfully reloaded assembly
- Finished resetting the current domain, in  0.450 seconds
Domain Reload Profiling: 1181ms
	BeginReloadAssembly (88ms)
		ExecutionOrderSort (0ms)
		DisableScriptedObjects (3ms)
		BackupInstance (0ms)
		ReleaseScriptingObjects (0ms)
		CreateAndSetChildDomain (16ms)
	RebuildCommonClasses (29ms)
	RebuildNativeTypeToScriptingClass (9ms)
	initialDomainReloadingComplete (33ms)
	LoadAllAssembliesAndSetupDomain (572ms)
		LoadAssemblies (460ms)
		RebuildTransferFunctionScriptingTraits (0ms)
		AnalyzeDomain (157ms)
			TypeCache.Refresh (145ms)
				TypeCache.ScanAssembly (114ms)
			ScanForSourceGeneratedMonoScriptInfo (8ms)
			ResolveRequiredComponents (3ms)
	FinalizeReload (450ms)
		ReleaseScriptCaches (0ms)
		RebuildScriptCaches (0ms)
		SetupLoadedEditorAssemblies (346ms)
			LogAssemblyErrors (0ms)
			InitializePlatformSupportModulesInManaged (4ms)
			SetLoadedEditorAssemblies (3ms)
			RefreshPlugins (0ms)
			BeforeProcessingInitializeOnLoad (52ms)
			ProcessInitializeOnLoadAttributes (272ms)
			ProcessInitializeOnLoadMethodAttributes (13ms)
			AfterProcessingInitializeOnLoad (2ms)
			EditorAssembliesLoaded (0ms)
		ExecutionOrderSort2 (0ms)
		AwakeInstancesAfterBackupRestoration (3ms)
Launching external process: /Applications/Unity/Hub/Editor/2022.3.28f1/Unity.app/Contents/Tools/UnityShaderCompiler
Launched and connected shader compiler UnityShaderCompiler after 0.07 seconds
Refreshing native plugins compatible for Editor in 3.89 ms, found 2 plugins.
Preloading 0 native plugins for Editor in 0.00 ms.
Unloading 3167 Unused Serialized files (Serialized files now loaded: 0)
Unloading 89 unused Assets / (81.2 KB). Loaded Objects now: 3575.
Memory consumption went from 137.1 MB to 137.0 MB.
Total: 2.560292 ms (FindLiveObjects: 0.112500 ms CreateObjectMapping: 0.038584 ms MarkObjects: 2.271625 ms  DeleteObjects: 0.136708 ms)

AssetImportParameters requested are different than current active one (requested -> active):
  custom:container-demuxer-ogg: 62fdf1f143b41e24485cea50d1cbac27 -> 
  custom:video-decoder-ogg-theora: a1e56fd34408186e4bbccfd4996cb3dc -> 
  custom:CustomObjectIndexerAttribute: 9a22284fe3817be447336de3de66b15e -> 
  custom:container-demuxer-webm: 4f35f7cbe854078d1ac9338744f61a02 -> 
  custom:container-muxer-webm: aa71ff27fc2769a1b78a27578f13a17b -> 
  custom:video-decoder-webm-vp8: 9c59270c3fd7afecdb556c50c9e8de78 -> 
  custom:SearchIndexIgnoredProperties: e643bd26f0fe6173181afceb89e7c659 -> 
  custom:AudioImporter_EditorPlatform: 3918e3fc78b5a79bad01e8451be0beb8 -> 
  custom:scripting/monoscript/fileName/NewClass.cs: 309dad81748c1322e3da302f7e3f53d2 -> 
  custom:framework-osx-AVFoundation: e770b220cccbd017edd2c1fefb359320 -> 
  custom:video-encoder-webm-vp8: eb34c28f22e8b96e1ab97ce403110664 -> 
  custom:audio-decoder-ogg-vorbis: bf7c407c2cedff20999df2af8eb42d56 -> 
  custom:audio-encoder-webm-vorbis: bf7c407c2cedff20999df2af8eb42d56 -> 
========================================================================
Received Import Request.
  Time since last request: 992045.019684 seconds.
  path: Assets/EventReceiver.cs
  artifactKey: Guid(e165fbd318b764a1b979363f8ddea32b) Importer(815301076,1909f56bfc062723c751e8b465ee728b)
Start importing Assets/EventReceiver.cs using Guid(e165fbd318b764a1b979363f8ddea32b) Importer(815301076,1909f56bfc062723c751e8b465ee728b)  -> (artifact id: '7bc898fd21537b25b647f13428526f46') in 0.001240 seconds
Number of updated asset objects reloaded before import = 0
Number of asset objects unloaded after import = 0
========================================================================
Received Prepare
Begin MonoManager ReloadAssembly
Thread 0x296d87000 may have been prematurely finalized
- Loaded All Assemblies, in  0.496 seconds
Refreshing native plugins compatible for Editor in 3.40 ms, found 2 plugins.
Native extension for OSXStandalone target not found
Native extension for WebGL target not found
[Package Manager] Server::EnsureServerProcessIsRunning -- launch failed, reason: Unity was launched with the -noUpm command-line argument
[Package Manager] UpmClient::Send -- Unable to send message (not connected to UPM process).
[Package Manager] Cannot connect to Unity Package Manager local server
Mono: successfully reloaded assembly
- Finished resetting the current domain, in  0.731 seconds
Domain Reload Profiling: 1227ms
	BeginReloadAssembly (112ms)
		ExecutionOrderSort (0ms)
		DisableScriptedObjects (6ms)
		BackupInstance (0ms)
		ReleaseScriptingObjects (0ms)
		CreateAndSetChildDomain (42ms)
	RebuildCommonClasses (24ms)
	RebuildNativeTypeToScriptingClass (9ms)
	initialDomainReloadingComplete (20ms)
	LoadAllAssembliesAndSetupDomain (330ms)
		LoadAssemblies (335ms)
		RebuildTransferFunctionScriptingTraits (0ms)
		AnalyzeDomain (31ms)
			TypeCache.Refresh (23ms)
				TypeCache.ScanAssembly (0ms)
			ScanForSourceGeneratedMonoScriptInfo (0ms)
			ResolveRequiredComponents (6ms)
	FinalizeReload (731ms)
		ReleaseScriptCaches (0ms)
		RebuildScriptCaches (0ms)
		SetupLoadedEditorAssemblies (273ms)
			LogAssemblyErrors (0ms)
			InitializePlatformSupportModulesInManaged (4ms)
			SetLoadedEditorAssemblies (3ms)
			RefreshPlugins (0ms)
			BeforeProcessingInitializeOnLoad (44ms)
			ProcessInitializeOnLoadAttributes (208ms)
			ProcessInitializeOnLoadMethodAttributes (14ms)
			AfterProcessingInitializeOnLoad (1ms)
			EditorAssembliesLoaded (0ms)
		ExecutionOrderSort2 (0ms)
		AwakeInstancesAfterBackupRestoration (3ms)
Refreshing native plugins compatible for Editor in 3.43 ms, found 2 plugins.
Preloading 0 native plugins for Editor in 0.00 ms.
Unloading 3146 Unused Serialized files (Serialized files now loaded: 0)
Unloading 80 unused Assets / (61.1 KB). Loaded Objects now: 3578.
Memory consumption went from 140.9 MB to 140.8 MB.
Total: 2.889583 ms (FindLiveObjects: 0.125500 ms CreateObjectMapping: 0.043000 ms MarkObjects: 2.621542 ms  DeleteObjects: 0.098958 ms)

Prepare: number of updated asset objects reloaded= 0
AssetImportParameters requested are different than current active one (requested -> active):
  custom:container-demuxer-ogg: 62fdf1f143b41e24485cea50d1cbac27 -> 
  custom:video-decoder-ogg-theora: a1e56fd34408186e4bbccfd4996cb3dc -> 
  custom:CustomObjectIndexerAttribute: 9a22284fe3817be447336de3de66b15e -> 
  custom:container-demuxer-webm: 4f35f7cbe854078d1ac9338744f61a02 -> 
  custom:container-muxer-webm: aa71ff27fc2769a1b78a27578f13a17b -> 
  custom:video-decoder-webm-vp8: 9c59270c3fd7afecdb556c50c9e8de78 -> 
  custom:SearchIndexIgnoredProperties: e643bd26f0fe6173181afceb89e7c659 -> 
  custom:AudioImporter_EditorPlatform: 3918e3fc78b5a79bad01e8451be0beb8 -> 
  custom:scripting/monoscript/fileName/NewClass.cs: 309dad81748c1322e3da302f7e3f53d2 -> 
  custom:framework-osx-AVFoundation: e770b220cccbd017edd2c1fefb359320 -> 
  custom:video-encoder-webm-vp8: eb34c28f22e8b96e1ab97ce403110664 -> 
  custom:audio-decoder-ogg-vorbis: bf7c407c2cedff20999df2af8eb42d56 -> 
  custom:audio-encoder-webm-vorbis: bf7c407c2cedff20999df2af8eb42d56 -> 
========================================================================
Received Prepare
Refreshing native plugins compatible for Editor in 4.85 ms, found 2 plugins.
Preloading 0 native plugins for Editor in 0.00 ms.
Unloading 1 Unused Serialized files (Serialized files now loaded: 0)
Unloading 1 unused Assets / (3.1 KB). Loaded Objects now: 3578.
Memory consumption went from 91.8 MB to 91.8 MB.
Total: 6.790708 ms (FindLiveObjects: 0.175417 ms CreateObjectMapping: 0.038125 ms MarkObjects: 6.533084 ms  DeleteObjects: 0.043416 ms)

Prepare: number of updated asset objects reloaded= 0
AssetImportParameters requested are different than current active one (requested -> active):
  custom:container-demuxer-ogg: 62fdf1f143b41e24485cea50d1cbac27 -> 
  custom:video-decoder-ogg-theora: a1e56fd34408186e4bbccfd4996cb3dc -> 
  custom:CustomObjectIndexerAttribute: 9a22284fe3817be447336de3de66b15e -> 
  custom:container-demuxer-webm: 4f35f7cbe854078d1ac9338744f61a02 -> 
  custom:container-muxer-webm: aa71ff27fc2769a1b78a27578f13a17b -> 
  custom:video-decoder-webm-vp8: 9c59270c3fd7afecdb556c50c9e8de78 -> 
  custom:SearchIndexIgnoredProperties: e643bd26f0fe6173181afceb89e7c659 -> 
  custom:AudioImporter_EditorPlatform: 3918e3fc78b5a79bad01e8451be0beb8 -> 
  custom:scripting/monoscript/fileName/NewClass.cs: 309dad81748c1322e3da302f7e3f53d2 -> 
  custom:framework-osx-AVFoundation: e770b220cccbd017edd2c1fefb359320 -> 
  custom:video-encoder-webm-vp8: eb34c28f22e8b96e1ab97ce403110664 -> 
  custom:audio-decoder-ogg-vorbis: bf7c407c2cedff20999df2af8eb42d56 -> 
  custom:audio-encoder-webm-vorbis: bf7c407c2cedff20999df2af8eb42d56 -> 
========================================================================
Received Prepare
Begin MonoManager ReloadAssembly
Thread 0x16fa33000 may have been prematurely finalized
- Loaded All Assemblies, in  0.507 seconds
Refreshing native plugins compatible for Editor in 3.57 ms, found 2 plugins.
Native extension for OSXStandalone target not found
Native extension for WebGL target not found
[Package Manager] Server::EnsureServerProcessIsRunning -- launch failed, reason: Unity was launched with the -noUpm command-line argument
[Package Manager] UpmClient::Send -- Unable to send message (not connected to UPM process).
[Package Manager] Cannot connect to Unity Package Manager local server
Mono: successfully reloaded assembly
- Finished resetting the current domain, in  0.717 seconds
Domain Reload Profiling: 1225ms
	BeginReloadAssembly (107ms)
		ExecutionOrderSort (0ms)
		DisableScriptedObjects (4ms)
		BackupInstance (0ms)
		ReleaseScriptingObjects (0ms)
		CreateAndSetChildDomain (41ms)
	RebuildCommonClasses (24ms)
	RebuildNativeTypeToScriptingClass (9ms)
	initialDomainReloadingComplete (44ms)
	LoadAllAssembliesAndSetupDomain (324ms)
		LoadAssemblies (339ms)
		RebuildTransferFunctionScriptingTraits (0ms)
		AnalyzeDomain (21ms)
			TypeCache.Refresh (10ms)
				TypeCache.ScanAssembly (0ms)
			ScanForSourceGeneratedMonoScriptInfo (0ms)
			ResolveRequiredComponents (8ms)
	FinalizeReload (718ms)
		ReleaseScriptCaches (0ms)
		RebuildScriptCaches (0ms)
		SetupLoadedEditorAssemblies (260ms)
			LogAssemblyErrors (0ms)
			InitializePlatformSupportModulesInManaged (3ms)
			SetLoadedEditorAssemblies (3ms)
			RefreshPlugins (0ms)
			BeforeProcessingInitializeOnLoad (47ms)
			ProcessInitializeOnLoadAttributes (194ms)
			ProcessInitializeOnLoadMethodAttributes (12ms)
			AfterProcessingInitializeOnLoad (1ms)
			EditorAssembliesLoaded (0ms)
		ExecutionOrderSort2 (0ms)
		AwakeInstancesAfterBackupRestoration (2ms)
Refreshing native plugins compatible for Editor in 3.67 ms, found 2 plugins.
Preloading 0 native plugins for Editor in 0.00 ms.
Unloading 3147 Unused Serialized files (Serialized files now loaded: 0)
Unloading 80 unused Assets / (61.0 KB). Loaded Objects now: 3581.
Memory consumption went from 149.1 MB to 149.0 MB.
Total: 2.345917 ms (FindLiveObjects: 0.126458 ms CreateObjectMapping: 0.037542 ms MarkObjects: 2.092250 ms  DeleteObjects: 0.088833 ms)

Prepare: number of updated asset objects reloaded= 0
AssetImportParameters requested are different than current active one (requested -> active):
  custom:container-demuxer-ogg: 62fdf1f143b41e24485cea50d1cbac27 -> 
  custom:video-decoder-ogg-theora: a1e56fd34408186e4bbccfd4996cb3dc -> 
  custom:CustomObjectIndexerAttribute: 9a22284fe3817be447336de3de66b15e -> 
  custom:container-demuxer-webm: 4f35f7cbe854078d1ac9338744f61a02 -> 
  custom:container-muxer-webm: aa71ff27fc2769a1b78a27578f13a17b -> 
  custom:video-decoder-webm-vp8: 9c59270c3fd7afecdb556c50c9e8de78 -> 
  custom:SearchIndexIgnoredProperties: e643bd26f0fe6173181afceb89e7c659 -> 
  custom:AudioImporter_EditorPlatform: 3918e3fc78b5a79bad01e8451be0beb8 -> 
  custom:scripting/monoscript/fileName/NewClass.cs: 309dad81748c1322e3da302f7e3f53d2 -> 
  custom:framework-osx-AVFoundation: e770b220cccbd017edd2c1fefb359320 -> 
  custom:video-encoder-webm-vp8: eb34c28f22e8b96e1ab97ce403110664 -> 
  custom:audio-decoder-ogg-vorbis: bf7c407c2cedff20999df2af8eb42d56 -> 
  custom:audio-encoder-webm-vorbis: bf7c407c2cedff20999df2af8eb42d56 -> 
========================================================================
Received Prepare
Refreshing native plugins compatible for Editor in 5.80 ms, found 2 plugins.
Preloading 0 native plugins for Editor in 0.00 ms.
Unloading 1 Unused Serialized files (Serialized files now loaded: 0)
Unloading 1 unused Assets / (3.1 KB). Loaded Objects now: 3581.
Memory consumption went from 99.7 MB to 99.7 MB.
Total: 2.544333 ms (FindLiveObjects: 0.149042 ms CreateObjectMapping: 0.043708 ms MarkObjects: 2.330334 ms  DeleteObjects: 0.020542 ms)

Prepare: number of updated asset objects reloaded= 0
AssetImportParameters requested are different than current active one (requested -> active):
  custom:container-demuxer-ogg: 62fdf1f143b41e24485cea50d1cbac27 -> 
  custom:video-decoder-ogg-theora: a1e56fd34408186e4bbccfd4996cb3dc -> 
  custom:CustomObjectIndexerAttribute: 9a22284fe3817be447336de3de66b15e -> 
  custom:container-demuxer-webm: 4f35f7cbe854078d1ac9338744f61a02 -> 
  custom:container-muxer-webm: aa71ff27fc2769a1b78a27578f13a17b -> 
  custom:video-decoder-webm-vp8: 9c59270c3fd7afecdb556c50c9e8de78 -> 
  custom:SearchIndexIgnoredProperties: e643bd26f0fe6173181afceb89e7c659 -> 
  custom:AudioImporter_EditorPlatform: 3918e3fc78b5a79bad01e8451be0beb8 -> 
  custom:scripting/monoscript/fileName/NewClass.cs: 309dad81748c1322e3da302f7e3f53d2 -> 
  custom:framework-osx-AVFoundation: e770b220cccbd017edd2c1fefb359320 -> 
  custom:video-encoder-webm-vp8: eb34c28f22e8b96e1ab97ce403110664 -> 
  custom:audio-decoder-ogg-vorbis: bf7c407c2cedff20999df2af8eb42d56 -> 
  custom:audio-encoder-webm-vorbis: bf7c407c2cedff20999df2af8eb42d56 -> 
========================================================================
Received Prepare
Begin MonoManager ReloadAssembly
Thread 0x16fa33000 may have been prematurely finalized
- Loaded All Assemblies, in  0.423 seconds
Refreshing native plugins compatible for Editor in 3.64 ms, found 2 plugins.
Native extension for OSXStandalone target not found
Native extension for WebGL target not found
[Package Manager] Server::EnsureServerProcessIsRunning -- launch failed, reason: Unity was launched with the -noUpm command-line argument
[Package Manager] UpmClient::Send -- Unable to send message (not connected to UPM process).
[Package Manager] Cannot connect to Unity Package Manager local server
Mono: successfully reloaded assembly
- Finished resetting the current domain, in  0.683 seconds
Domain Reload Profiling: 1106ms
	BeginReloadAssembly (102ms)
		ExecutionOrderSort (0ms)
		DisableScriptedObjects (4ms)
		BackupInstance (0ms)
		ReleaseScriptingObjects (0ms)
		CreateAndSetChildDomain (40ms)
	RebuildCommonClasses (21ms)
	RebuildNativeTypeToScriptingClass (8ms)
	initialDomainReloadingComplete (19ms)
	LoadAllAssembliesAndSetupDomain (273ms)
		LoadAssemblies (287ms)
		RebuildTransferFunctionScriptingTraits (0ms)
		AnalyzeDomain (19ms)
			TypeCache.Refresh (9ms)
				TypeCache.ScanAssembly (0ms)
			ScanForSourceGeneratedMonoScriptInfo (5ms)
			ResolveRequiredComponents (4ms)
	FinalizeReload (683ms)
		ReleaseScriptCaches (0ms)
		RebuildScriptCaches (0ms)
		SetupLoadedEditorAssemblies (243ms)
			LogAssemblyErrors (0ms)
			InitializePlatformSupportModulesInManaged (3ms)
			SetLoadedEditorAssemblies (2ms)
			RefreshPlugins (0ms)
			BeforeProcessingInitializeOnLoad (44ms)
			ProcessInitializeOnLoadAttributes (182ms)
			ProcessInitializeOnLoadMethodAttributes (11ms)
			AfterProcessingInitializeOnLoad (1ms)
			EditorAssembliesLoaded (0ms)
		ExecutionOrderSort2 (0ms)
		AwakeInstancesAfterBackupRestoration (2ms)
Refreshing native plugins compatible for Editor in 3.83 ms, found 2 plugins.
Preloading 0 native plugins for Editor in 0.00 ms.
Unloading 3147 Unused Serialized files (Serialized files now loaded: 0)
Unloading 80 unused Assets / (61.0 KB). Loaded Objects now: 3584.
Memory consumption went from 157.0 MB to 156.9 MB.
Total: 2.284625 ms (FindLiveObjects: 0.105083 ms CreateObjectMapping: 0.036875 ms MarkObjects: 2.056084 ms  DeleteObjects: 0.085750 ms)

Prepare: number of updated asset objects reloaded= 0
AssetImportParameters requested are different than current active one (requested -> active):
  custom:container-demuxer-ogg: 62fdf1f143b41e24485cea50d1cbac27 -> 
  custom:video-decoder-ogg-theora: a1e56fd34408186e4bbccfd4996cb3dc -> 
  custom:CustomObjectIndexerAttribute: 9a22284fe3817be447336de3de66b15e -> 
  custom:container-demuxer-webm: 4f35f7cbe854078d1ac9338744f61a02 -> 
  custom:container-muxer-webm: aa71ff27fc2769a1b78a27578f13a17b -> 
  custom:video-decoder-webm-vp8: 9c59270c3fd7afecdb556c50c9e8de78 -> 
  custom:SearchIndexIgnoredProperties: e643bd26f0fe6173181afceb89e7c659 -> 
  custom:AudioImporter_EditorPlatform: 3918e3fc78b5a79bad01e8451be0beb8 -> 
  custom:scripting/monoscript/fileName/NewClass.cs: 309dad81748c1322e3da302f7e3f53d2 -> 
  custom:framework-osx-AVFoundation: e770b220cccbd017edd2c1fefb359320 -> 
  custom:video-encoder-webm-vp8: eb34c28f22e8b96e1ab97ce403110664 -> 
  custom:audio-decoder-ogg-vorbis: bf7c407c2cedff20999df2af8eb42d56 -> 
  custom:audio-encoder-webm-vorbis: bf7c407c2cedff20999df2af8eb42d56 -> 
========================================================================
Received Prepare
Begin MonoManager ReloadAssembly
Thread 0x16fa33000 may have been prematurely finalized
- Loaded All Assemblies, in  0.447 seconds
Refreshing native plugins compatible for Editor in 3.98 ms, found 2 plugins.
Native extension for OSXStandalone target not found
Native extension for WebGL target not found
[Package Manager] Server::EnsureServerProcessIsRunning -- launch failed, reason: Unity was launched with the -noUpm command-line argument
[Package Manager] UpmClient::Send -- Unable to send message (not connected to UPM process).
[Package Manager] Cannot connect to Unity Package Manager local server
Mono: successfully reloaded assembly
- Finished resetting the current domain, in  0.500 seconds
Domain Reload Profiling: 947ms
	BeginReloadAssembly (89ms)
		ExecutionOrderSort (0ms)
		DisableScriptedObjects (3ms)
		BackupInstance (0ms)
		ReleaseScriptingObjects (0ms)
		CreateAndSetChildDomain (32ms)
	RebuildCommonClasses (23ms)
	RebuildNativeTypeToScriptingClass (8ms)
	initialDomainReloadingComplete (19ms)
	LoadAllAssembliesAndSetupDomain (307ms)
		LoadAssemblies (325ms)
		RebuildTransferFunctionScriptingTraits (0ms)
		AnalyzeDomain (14ms)
			TypeCache.Refresh (7ms)
				TypeCache.ScanAssembly (0ms)
			ScanForSourceGeneratedMonoScriptInfo (0ms)
			ResolveRequiredComponents (5ms)
	FinalizeReload (500ms)
		ReleaseScriptCaches (0ms)
		RebuildScriptCaches (0ms)
		SetupLoadedEditorAssemblies (284ms)
			LogAssemblyErrors (0ms)
			InitializePlatformSupportModulesInManaged (4ms)
			SetLoadedEditorAssemblies (3ms)
			RefreshPlugins (0ms)
			BeforeProcessingInitializeOnLoad (43ms)
			ProcessInitializeOnLoadAttributes (219ms)
			ProcessInitializeOnLoadMethodAttributes (15ms)
			AfterProcessingInitializeOnLoad (1ms)
			EditorAssembliesLoaded (0ms)
		ExecutionOrderSort2 (0ms)
		AwakeInstancesAfterBackupRestoration (3ms)
Refreshing native plugins compatible for Editor in 2.87 ms, found 2 plugins.
Preloading 0 native plugins for Editor in 0.00 ms.
Unloading 3147 Unused Serialized files (Serialized files now loaded: 0)
Unloading 80 unused Assets / (61.0 KB). Loaded Objects now: 3587.
Memory consumption went from 165.0 MB to 165.0 MB.
Total: 2.508375 ms (FindLiveObjects: 0.106750 ms CreateObjectMapping: 0.038709 ms MarkObjects: 2.259709 ms  DeleteObjects: 0.102500 ms)

Prepare: number of updated asset objects reloaded= 0
AssetImportParameters requested are different than current active one (requested -> active):
  custom:container-demuxer-ogg: 62fdf1f143b41e24485cea50d1cbac27 -> 
  custom:video-decoder-ogg-theora: a1e56fd34408186e4bbccfd4996cb3dc -> 
  custom:CustomObjectIndexerAttribute: 9a22284fe3817be447336de3de66b15e -> 
  custom:container-demuxer-webm: 4f35f7cbe854078d1ac9338744f61a02 -> 
  custom:container-muxer-webm: aa71ff27fc2769a1b78a27578f13a17b -> 
  custom:video-decoder-webm-vp8: 9c59270c3fd7afecdb556c50c9e8de78 -> 
  custom:SearchIndexIgnoredProperties: e643bd26f0fe6173181afceb89e7c659 -> 
  custom:AudioImporter_EditorPlatform: 3918e3fc78b5a79bad01e8451be0beb8 -> 
  custom:scripting/monoscript/fileName/NewClass.cs: 309dad81748c1322e3da302f7e3f53d2 -> 
  custom:framework-osx-AVFoundation: e770b220cccbd017edd2c1fefb359320 -> 
  custom:video-encoder-webm-vp8: eb34c28f22e8b96e1ab97ce403110664 -> 
  custom:audio-decoder-ogg-vorbis: bf7c407c2cedff20999df2af8eb42d56 -> 
  custom:audio-encoder-webm-vorbis: bf7c407c2cedff20999df2af8eb42d56 -> 
========================================================================
Received Prepare
Refreshing native plugins compatible for Editor in 6.27 ms, found 2 plugins.
Preloading 0 native plugins for Editor in 0.00 ms.
Unloading 1 Unused Serialized files (Serialized files now loaded: 0)
Unloading 1 unused Assets / (3.1 KB). Loaded Objects now: 3587.
Memory consumption went from 115.6 MB to 115.6 MB.
Total: 2.907917 ms (FindLiveObjects: 0.116875 ms CreateObjectMapping: 0.034500 ms MarkObjects: 2.740541 ms  DeleteObjects: 0.015459 ms)

Prepare: number of updated asset objects reloaded= 0
AssetImportParameters requested are different than current active one (requested -> active):
  custom:container-demuxer-ogg: 62fdf1f143b41e24485cea50d1cbac27 -> 
  custom:video-decoder-ogg-theora: a1e56fd34408186e4bbccfd4996cb3dc -> 
  custom:CustomObjectIndexerAttribute: 9a22284fe3817be447336de3de66b15e -> 
  custom:container-demuxer-webm: 4f35f7cbe854078d1ac9338744f61a02 -> 
  custom:container-muxer-webm: aa71ff27fc2769a1b78a27578f13a17b -> 
  custom:video-decoder-webm-vp8: 9c59270c3fd7afecdb556c50c9e8de78 -> 
  custom:SearchIndexIgnoredProperties: e643bd26f0fe6173181afceb89e7c659 -> 
  custom:AudioImporter_EditorPlatform: 3918e3fc78b5a79bad01e8451be0beb8 -> 
  custom:scripting/monoscript/fileName/NewClass.cs: 309dad81748c1322e3da302f7e3f53d2 -> 
  custom:framework-osx-AVFoundation: e770b220cccbd017edd2c1fefb359320 -> 
  custom:video-encoder-webm-vp8: eb34c28f22e8b96e1ab97ce403110664 -> 
  custom:audio-decoder-ogg-vorbis: bf7c407c2cedff20999df2af8eb42d56 -> 
  custom:audio-encoder-webm-vorbis: bf7c407c2cedff20999df2af8eb42d56 -> 
========================================================================
Received Prepare
Begin MonoManager ReloadAssembly
Thread 0x16f3a3000 may have been prematurely finalized
- Loaded All Assemblies, in  0.525 seconds
Refreshing native plugins compatible for Editor in 3.03 ms, found 2 plugins.
Native extension for OSXStandalone target not found
Native extension for WebGL target not found
[Package Manager] Server::EnsureServerProcessIsRunning -- launch failed, reason: Unity was launched with the -noUpm command-line argument
[Package Manager] UpmClient::Send -- Unable to send message (not connected to UPM process).
[Package Manager] Cannot connect to Unity Package Manager local server
Mono: successfully reloaded assembly
- Finished resetting the current domain, in  0.697 seconds
Domain Reload Profiling: 1222ms
	BeginReloadAssembly (122ms)
		ExecutionOrderSort (0ms)
		DisableScriptedObjects (4ms)
		BackupInstance (0ms)
		ReleaseScriptingObjects (0ms)
		CreateAndSetChildDomain (50ms)
	RebuildCommonClasses (23ms)
	RebuildNativeTypeToScriptingClass (9ms)
	initialDomainReloadingComplete (31ms)
	LoadAllAssembliesAndSetupDomain (340ms)
		LoadAssemblies (358ms)
		RebuildTransferFunctionScriptingTraits (0ms)
		AnalyzeDomain (22ms)
			TypeCache.Refresh (13ms)
				TypeCache.ScanAssembly (1ms)
			ScanForSourceGeneratedMonoScriptInfo (5ms)
			ResolveRequiredComponents (4ms)
	FinalizeReload (697ms)
		ReleaseScriptCaches (0ms)
		RebuildScriptCaches (0ms)
		SetupLoadedEditorAssemblies (263ms)
			LogAssemblyErrors (0ms)
			InitializePlatformSupportModulesInManaged (3ms)
			SetLoadedEditorAssemblies (3ms)
			RefreshPlugins (0ms)
			BeforeProcessingInitializeOnLoad (47ms)
			ProcessInitializeOnLoadAttributes (194ms)
			ProcessInitializeOnLoadMethodAttributes (16ms)
			AfterProcessingInitializeOnLoad (1ms)
			EditorAssembliesLoaded (0ms)
		ExecutionOrderSort2 (0ms)
		AwakeInstancesAfterBackupRestoration (2ms)
Refreshing native plugins compatible for Editor in 3.38 ms, found 2 plugins.
Preloading 0 native plugins for Editor in 0.00 ms.
Unloading 3147 Unused Serialized files (Serialized files now loaded: 0)
Unloading 80 unused Assets / (61.0 KB). Loaded Objects now: 3590.
Memory consumption went from 172.9 MB to 172.9 MB.
Total: 10.163666 ms (FindLiveObjects: 0.126333 ms CreateObjectMapping: 0.041292 ms MarkObjects: 9.876083 ms  DeleteObjects: 0.119084 ms)

Prepare: number of updated asset objects reloaded= 0
AssetImportParameters requested are different than current active one (requested -> active):
  custom:container-demuxer-ogg: 62fdf1f143b41e24485cea50d1cbac27 -> 
  custom:video-decoder-ogg-theora: a1e56fd34408186e4bbccfd4996cb3dc -> 
  custom:CustomObjectIndexerAttribute: 9a22284fe3817be447336de3de66b15e -> 
  custom:container-demuxer-webm: 4f35f7cbe854078d1ac9338744f61a02 -> 
  custom:container-muxer-webm: aa71ff27fc2769a1b78a27578f13a17b -> 
  custom:video-decoder-webm-vp8: 9c59270c3fd7afecdb556c50c9e8de78 -> 
  custom:SearchIndexIgnoredProperties: e643bd26f0fe6173181afceb89e7c659 -> 
  custom:AudioImporter_EditorPlatform: 3918e3fc78b5a79bad01e8451be0beb8 -> 
  custom:scripting/monoscript/fileName/NewClass.cs: 309dad81748c1322e3da302f7e3f53d2 -> 
  custom:framework-osx-AVFoundation: e770b220cccbd017edd2c1fefb359320 -> 
  custom:video-encoder-webm-vp8: eb34c28f22e8b96e1ab97ce403110664 -> 
  custom:audio-decoder-ogg-vorbis: bf7c407c2cedff20999df2af8eb42d56 -> 
  custom:audio-encoder-webm-vorbis: bf7c407c2cedff20999df2af8eb42d56 -> 
========================================================================
Received Import Request.
  Time since last request: 1730.497120 seconds.
  path: Assets/DebugHelper.cs
  artifactKey: Guid(1bb0a596ebb5b41b0a55371d7061b8dd) Importer(2089858483,0ecaa5967403d082aa24f35e1b516d23)
Start importing Assets/DebugHelper.cs using Guid(1bb0a596ebb5b41b0a55371d7061b8dd) Importer(2089858483,0ecaa5967403d082aa24f35e1b516d23)  -> (artifact id: 'ea95eed73ed06294a1e6e9fc02a9f51f') in 0.075621 seconds
Number of updated asset objects reloaded before import = 0
Number of asset objects unloaded after import = 1
========================================================================
Received Import Request.
  Time since last request: 0.002392 seconds.
  path: Assets/NuGet/Editor/NuGetForUnity.PluginAPI.xml
  artifactKey: Guid(e8f4f38c91ceab841bba1a4cdd55c41c) Importer(2089858483,0ecaa5967403d082aa24f35e1b516d23)
Start importing Assets/NuGet/Editor/NuGetForUnity.PluginAPI.xml using Guid(e8f4f38c91ceab841bba1a4cdd55c41c) Importer(2089858483,0ecaa5967403d082aa24f35e1b516d23)  -> (artifact id: 'a2951b67000ab70bc1beaa08588ae914') in 0.004011 seconds
Number of updated asset objects reloaded before import = 0
Number of asset objects unloaded after import = 1
========================================================================
Received Import Request.
  Time since last request: 0.000151 seconds.
  path: Assets/TextMesh Pro/Resources/LineBreaking Leading Characters.txt
  artifactKey: Guid(d82c1b31c7e74239bff1220585707d2b) Importer(2089858483,0ecaa5967403d082aa24f35e1b516d23)
Start importing Assets/TextMesh Pro/Resources/LineBreaking Leading Characters.txt using Guid(d82c1b31c7e74239bff1220585707d2b) Importer(2089858483,0ecaa5967403d082aa24f35e1b516d23)  -> (artifact id: '0e06f5f99832c9df18dce2ab1c37c026') in 0.003750 seconds
Number of updated asset objects reloaded before import = 0
Number of asset objects unloaded after import = 1
========================================================================
Received Import Request.
  Time since last request: 0.000077 seconds.
  path: Assets/TextMesh Pro/Shaders/TMPro_Mobile.cginc
  artifactKey: Guid(c334973cef89a9840b0b0c507e0377ab) Importer(2089858483,0ecaa5967403d082aa24f35e1b516d23)
Start importing Assets/TextMesh Pro/Shaders/TMPro_Mobile.cginc using Guid(c334973cef89a9840b0b0c507e0377ab) Importer(2089858483,0ecaa5967403d082aa24f35e1b516d23)  -> (artifact id: '2a04fcb6eb5c4816859e3c626f71f232') in 0.002897 seconds
Number of updated asset objects reloaded before import = 0
Number of asset objects unloaded after import = 1
========================================================================
Received Import Request.
  Time since last request: 0.000088 seconds.
  path: Assets/TextMesh Pro/Resources/Fonts & Materials/LiberationSans SDF - Drop Shadow.mat
  artifactKey: Guid(e73a58f6e2794ae7b1b7e50b7fb811b0) Importer(2089858483,0ecaa5967403d082aa24f35e1b516d23)
Start importing Assets/TextMesh Pro/Resources/Fonts & Materials/LiberationSans SDF - Drop Shadow.mat using Guid(e73a58f6e2794ae7b1b7e50b7fb811b0) Importer(2089858483,0ecaa5967403d082aa24f35e1b516d23)  -> (artifact id: '3e9005cbdd012a57c83a814b47d820f8') in 0.029512 seconds
Number of updated asset objects reloaded before import = 0
Number of asset objects unloaded after import = 2
========================================================================
Received Import Request.
  Time since last request: 0.000169 seconds.
  path: Assets/WebSocket.cs
  artifactKey: Guid(637c34be27d854276a9bb97d0137baf5) Importer(2089858483,0ecaa5967403d082aa24f35e1b516d23)
Start importing Assets/WebSocket.cs using Guid(637c34be27d854276a9bb97d0137baf5) Importer(2089858483,0ecaa5967403d082aa24f35e1b516d23)  -> (artifact id: '9f47a163eaef29d9dab6455df093d515') in 0.002723 seconds
Number of updated asset objects reloaded before import = 0
Number of asset objects unloaded after import = 1
========================================================================
Received Import Request.
  Time since last request: 0.000119 seconds.
  path: Assets/TextMesh Pro/Sprites/EmojiOne.json
  artifactKey: Guid(8f05276190cf498a8153f6cbe761d4e6) Importer(2089858483,0ecaa5967403d082aa24f35e1b516d23)
Start importing Assets/TextMesh Pro/Sprites/EmojiOne.json using Guid(8f05276190cf498a8153f6cbe761d4e6) Importer(2089858483,0ecaa5967403d082aa24f35e1b516d23)  -> (artifact id: 'f52cb4bbb9038b8d94ff4eefda7d7ebb') in 0.002208 seconds
Number of updated asset objects reloaded before import = 0
Number of asset objects unloaded after import = 1
========================================================================
Received Import Request.
  Time since last request: 0.000131 seconds.
  path: Assets/TextMesh Pro/Shaders/TMPro.cginc
  artifactKey: Guid(407bc68d299748449bbf7f48ee690f8d) Importer(2089858483,0ecaa5967403d082aa24f35e1b516d23)
Start importing Assets/TextMesh Pro/Shaders/TMPro.cginc using Guid(407bc68d299748449bbf7f48ee690f8d) Importer(2089858483,0ecaa5967403d082aa24f35e1b516d23)  -> (artifact id: '644c3c5c9029ae214a7510eba2e78522') in 0.001949 seconds
Number of updated asset objects reloaded before import = 0
Number of asset objects unloaded after import = 1
========================================================================
Received Import Request.
  Time since last request: 0.000139 seconds.
  path: Assets/Packages/System.Text.Encodings.Web.7.0.0/System.Text.Encodings.Web.nuspec
  artifactKey: Guid(6ef74afdf336a4c1fb34b36548aa338f) Importer(2089858483,0ecaa5967403d082aa24f35e1b516d23)
Start importing Assets/Packages/System.Text.Encodings.Web.7.0.0/System.Text.Encodings.Web.nuspec using Guid(6ef74afdf336a4c1fb34b36548aa338f) Importer(2089858483,0ecaa5967403d082aa24f35e1b516d23)  -> (artifact id: 'a5421375b6a60770c8886b91b4abc8c2') in 0.001937 seconds
Number of updated asset objects reloaded before import = 0
Number of asset objects unloaded after import = 1
========================================================================
Received Import Request.
  Time since last request: 0.000082 seconds.
  path: Assets/NuGet.config
  artifactKey: Guid(1787c3cbbab4d4e908bc58dde478de80) Importer(2089858483,0ecaa5967403d082aa24f35e1b516d23)
Start importing Assets/NuGet.config using Guid(1787c3cbbab4d4e908bc58dde478de80) Importer(2089858483,0ecaa5967403d082aa24f35e1b516d23)  -> (artifact id: '705682e71afd37e7c2ef9a71dbfdd8bb') in 0.005399 seconds
Number of updated asset objects reloaded before import = 0
Number of asset objects unloaded after import = 1
========================================================================
Received Import Request.
  Time since last request: 0.000087 seconds.
  path: Assets/Packages/System.Text.Encodings.Web.7.0.0/Icon.png
  artifactKey: Guid(bf1f8bf8ebc134882a6eb0b8c0867475) Importer(2089858483,0ecaa5967403d082aa24f35e1b516d23)
Start importing Assets/Packages/System.Text.Encodings.Web.7.0.0/Icon.png using Guid(bf1f8bf8ebc134882a6eb0b8c0867475) Importer(2089858483,0ecaa5967403d082aa24f35e1b516d23)  -> (artifact id: '798a96cfc68ef38d33d23be5ef5198f8') in 0.032179 seconds
Number of updated asset objects reloaded before import = 0
Number of asset objects unloaded after import = 1
========================================================================
Received Import Request.
  Time since last request: 0.000086 seconds.
  path: Assets/Packages/System.Runtime.CompilerServices.Unsafe.6.0.0/THIRD-PARTY-NOTICES.TXT
  artifactKey: Guid(21445fab68ff845c38996fd8cb661ed5) Importer(2089858483,0ecaa5967403d082aa24f35e1b516d23)
Start importing Assets/Packages/System.Runtime.CompilerServices.Unsafe.6.0.0/THIRD-PARTY-NOTICES.TXT using Guid(21445fab68ff845c38996fd8cb661ed5) Importer(2089858483,0ecaa5967403d082aa24f35e1b516d23)  -> (artifact id: 'eb78035afea6f4f3e626bcca51faadb5') in 0.003190 seconds
Number of updated asset objects reloaded before import = 0
Number of asset objects unloaded after import = 1
========================================================================
Received Import Request.
  Time since last request: 0.000107 seconds.
  path: Assets/WebGLTemplates/CustomTemplate/index.html
  artifactKey: Guid(c689f5454d2804ab6ad6e4362ff348e1) Importer(2089858483,0ecaa5967403d082aa24f35e1b516d23)
Start importing Assets/WebGLTemplates/CustomTemplate/index.html using Guid(c689f5454d2804ab6ad6e4362ff348e1) Importer(2089858483,0ecaa5967403d082aa24f35e1b516d23)  -> (artifact id: '7404e217cd65adf8969af7dd6eb8cf07') in 0.001522 seconds
Number of updated asset objects reloaded before import = 0
Number of asset objects unloaded after import = 1
========================================================================
Received Import Request.
  Time since last request: 0.000081 seconds.
  path: Assets/packages.config
  artifactKey: Guid(a8407116dc5314be6aae671ce8ce4656) Importer(2089858483,0ecaa5967403d082aa24f35e1b516d23)
Start importing Assets/packages.config using Guid(a8407116dc5314be6aae671ce8ce4656) Importer(2089858483,0ecaa5967403d082aa24f35e1b516d23)  -> (artifact id: '89752f3906a2dfa50cccc779e0d42c15') in 0.002614 seconds
Number of updated asset objects reloaded before import = 0
Number of asset objects unloaded after import = 1
========================================================================
Received Import Request.
  Time since last request: 0.000103 seconds.
  path: Assets/Packages/System.Runtime.CompilerServices.Unsafe.6.0.0/Icon.png
  artifactKey: Guid(cb302ff5e32ac4778ac3a7af67c7af61) Importer(2089858483,0ecaa5967403d082aa24f35e1b516d23)
Start importing Assets/Packages/System.Runtime.CompilerServices.Unsafe.6.0.0/Icon.png using Guid(cb302ff5e32ac4778ac3a7af67c7af61) Importer(2089858483,0ecaa5967403d082aa24f35e1b516d23)  -> (artifact id: 'c81e0930cd6da538e2db47c414812b6b') in 0.010827 seconds
Number of updated asset objects reloaded before import = 0
Number of asset objects unloaded after import = 1
========================================================================
Received Import Request.
  Time since last request: 0.000072 seconds.
  path: Assets/Plugins/ZootEventPlugin.jslib
  artifactKey: Guid(8191751617e414f999b625e3bcc4b04e) Importer(2089858483,0ecaa5967403d082aa24f35e1b516d23)
Start importing Assets/Plugins/ZootEventPlugin.jslib using Guid(8191751617e414f999b625e3bcc4b04e) Importer(2089858483,0ecaa5967403d082aa24f35e1b516d23)  -> (artifact id: '30025d1e3a665d8bafa952e91f385be1') in 0.002445 seconds
Number of updated asset objects reloaded before import = 0
Number of asset objects unloaded after import = 1
========================================================================
Received Import Request.
  Time since last request: 0.000069 seconds.
  path: Assets/Packages/System.Runtime.CompilerServices.Unsafe.6.0.0/System.Runtime.CompilerServices.Unsafe.nuspec
  artifactKey: Guid(c97f2399f2475404f88ce152de21c1cf) Importer(2089858483,0ecaa5967403d082aa24f35e1b516d23)
Start importing Assets/Packages/System.Runtime.CompilerServices.Unsafe.6.0.0/System.Runtime.CompilerServices.Unsafe.nuspec using Guid(c97f2399f2475404f88ce152de21c1cf) Importer(2089858483,0ecaa5967403d082aa24f35e1b516d23)  -> (artifact id: 'b2943918ced2d8fcd3526e066c4a1d48') in 0.001636 seconds
Number of updated asset objects reloaded before import = 0
Number of asset objects unloaded after import = 1
========================================================================
Received Import Request.
  Time since last request: 0.000063 seconds.
  path: Assets/NuGet/README.pdf
  artifactKey: Guid(83c5d2001771f15429a88d67e81366d6) Importer(2089858483,0ecaa5967403d082aa24f35e1b516d23)
Start importing Assets/NuGet/README.pdf using Guid(83c5d2001771f15429a88d67e81366d6) Importer(2089858483,0ecaa5967403d082aa24f35e1b516d23)  -> (artifact id: 'dfa3b9069606193c037209eedce044b1') in 0.001253 seconds
Number of updated asset objects reloaded before import = 0
Number of asset objects unloaded after import = 1
========================================================================
Received Import Request.
  Time since last request: 0.000106 seconds.
  path: Assets/Packages/Microsoft.Bcl.AsyncInterfaces.7.0.0/THIRD-PARTY-NOTICES.TXT
  artifactKey: Guid(daff98232f8504b388c098f212aeb2fa) Importer(2089858483,0ecaa5967403d082aa24f35e1b516d23)
Start importing Assets/Packages/Microsoft.Bcl.AsyncInterfaces.7.0.0/THIRD-PARTY-NOTICES.TXT using Guid(daff98232f8504b388c098f212aeb2fa) Importer(2089858483,0ecaa5967403d082aa24f35e1b516d23)  -> (artifact id: '08deab530173cc5e0223097798edbac3') in 0.003393 seconds
Number of updated asset objects reloaded before import = 0
Number of asset objects unloaded after import = 1
========================================================================
Received Import Request.
  Time since last request: 0.000111 seconds.
  path: Assets/Scenes/SampleScene.unity
  artifactKey: Guid(9fc0d4010bbf28b4594072e72b8655ab) Importer(2089858483,0ecaa5967403d082aa24f35e1b516d23)
Start importing Assets/Scenes/SampleScene.unity using Guid(9fc0d4010bbf28b4594072e72b8655ab) Importer(2089858483,0ecaa5967403d082aa24f35e1b516d23)  -> (artifact id: 'f9b5668ebef0531bb3db2205ed589b72') in 0.001442 seconds
Number of updated asset objects reloaded before import = 0
Number of asset objects unloaded after import = 1
========================================================================
Received Import Request.
  Time since last request: 0.000101 seconds.
  path: Assets/Packages/System.Text.Encodings.Web.7.0.0/lib/netstandard2.0/System.Text.Encodings.Web.dll
  artifactKey: Guid(67fcf463bb80a41c9b40e6ee50747fdf) Importer(2089858483,0ecaa5967403d082aa24f35e1b516d23)
Start importing Assets/Packages/System.Text.Encodings.Web.7.0.0/lib/netstandard2.0/System.Text.Encodings.Web.dll using Guid(67fcf463bb80a41c9b40e6ee50747fdf) Importer(2089858483,0ecaa5967403d082aa24f35e1b516d23)  -> (artifact id: '7835f03ed8d646772089a7ac47703c85') in 0.002508 seconds
Number of updated asset objects reloaded before import = 0
Number of asset objects unloaded after import = 1
========================================================================
Received Import Request.
  Time since last request: 0.000058 seconds.
  path: Assets/TextMesh Pro/Documentation/TextMesh Pro User Guide 2016.pdf
  artifactKey: Guid(1b8d251f9af63b746bf2f7ffe00ebb9b) Importer(2089858483,0ecaa5967403d082aa24f35e1b516d23)
Start importing Assets/TextMesh Pro/Documentation/TextMesh Pro User Guide 2016.pdf using Guid(1b8d251f9af63b746bf2f7ffe00ebb9b) Importer(2089858483,0ecaa5967403d082aa24f35e1b516d23)  -> (artifact id: '872ff1db7b9c7aeee1ab52524c03cb2c') in 0.002845 seconds
Number of updated asset objects reloaded before import = 0
Number of asset objects unloaded after import = 1
========================================================================
Received Import Request.
  Time since last request: 0.000090 seconds.
  path: Assets/Packages/Microsoft.Bcl.AsyncInterfaces.7.0.0/buildTransitive/net461/Microsoft.Bcl.AsyncInterfaces.targets
  artifactKey: Guid(d30af24856bdd40a0a213b8b96ffbc01) Importer(2089858483,0ecaa5967403d082aa24f35e1b516d23)
Start importing Assets/Packages/Microsoft.Bcl.AsyncInterfaces.7.0.0/buildTransitive/net461/Microsoft.Bcl.AsyncInterfaces.targets using Guid(d30af24856bdd40a0a213b8b96ffbc01) Importer(2089858483,0ecaa5967403d082aa24f35e1b516d23)  -> (artifact id: 'a9add7e941c728dbbef2d5eec87dbdf5') in 0.001639 seconds
Number of updated asset objects reloaded before import = 0
Number of asset objects unloaded after import = 1
========================================================================
Received Import Request.
  Time since last request: 0.000079 seconds.
  path: Assets/Packages/System.Text.Encodings.Web.7.0.0/lib/netstandard2.0/System.Text.Encodings.Web.xml
  artifactKey: Guid(d170e26f3a2104796a75da3bf24ef2c5) Importer(2089858483,0ecaa5967403d082aa24f35e1b516d23)
Start importing Assets/Packages/System.Text.Encodings.Web.7.0.0/lib/netstandard2.0/System.Text.Encodings.Web.xml using Guid(d170e26f3a2104796a75da3bf24ef2c5) Importer(2089858483,0ecaa5967403d082aa24f35e1b516d23)  -> (artifact id: '82b701fb2876f27985cc97043e48fada') in 0.001676 seconds
Number of updated asset objects reloaded before import = 0
Number of asset objects unloaded after import = 1
========================================================================
Received Import Request.
  Time since last request: 0.000055 seconds.
  path: Assets/Packages/System.Text.Encodings.Web.7.0.0/buildTransitive/net6.0/_._
  artifactKey: Guid(eb93bcc8cea3140f48134ad1173bceca) Importer(2089858483,0ecaa5967403d082aa24f35e1b516d23)
Start importing Assets/Packages/System.Text.Encodings.Web.7.0.0/buildTransitive/net6.0/_._ using Guid(eb93bcc8cea3140f48134ad1173bceca) Importer(2089858483,0ecaa5967403d082aa24f35e1b516d23)  -> (artifact id: 'eec103fa9b79a43a0f9f209112cafb89') in 0.001274 seconds
Number of updated asset objects reloaded before import = 0
Number of asset objects unloaded after import = 1
========================================================================
Received Import Request.
  Time since last request: 0.000082 seconds.
  path: Assets/TextMesh Pro/Shaders/TMP_SDF-Mobile Masking.shader
  artifactKey: Guid(bc1ede39bf3643ee8e493720e4259791) Importer(2089858483,0ecaa5967403d082aa24f35e1b516d23)
Start importing Assets/TextMesh Pro/Shaders/TMP_SDF-Mobile Masking.shader using Guid(bc1ede39bf3643ee8e493720e4259791) Importer(2089858483,0ecaa5967403d082aa24f35e1b516d23)  -> (artifact id: '798e482a5f62b5c6a448476c1673b382') in 0.006384 seconds
Number of updated asset objects reloaded before import = 0
Number of asset objects unloaded after import = 1
========================================================================
Received Import Request.
  Time since last request: 0.000057 seconds.
  path: Assets/TextMesh Pro/Shaders/TMPro_Surface.cginc
  artifactKey: Guid(d930090c0cd643c7b55f19a38538c162) Importer(2089858483,0ecaa5967403d082aa24f35e1b516d23)
Start importing Assets/TextMesh Pro/Shaders/TMPro_Surface.cginc using Guid(d930090c0cd643c7b55f19a38538c162) Importer(2089858483,0ecaa5967403d082aa24f35e1b516d23)  -> (artifact id: 'ccfb3ab14db6458bddea2790a0788986') in 0.002449 seconds
Number of updated asset objects reloaded before import = 0
Number of asset objects unloaded after import = 1
========================================================================
Received Import Request.
  Time since last request: 0.000082 seconds.
  path: Assets/TextMesh Pro/Fonts/LiberationSans.ttf
  artifactKey: Guid(e3265ab4bf004d28a9537516768c1c75) Importer(2089858483,0ecaa5967403d082aa24f35e1b516d23)
Start importing Assets/TextMesh Pro/Fonts/LiberationSans.ttf using Guid(e3265ab4bf004d28a9537516768c1c75) Importer(2089858483,0ecaa5967403d082aa24f35e1b516d23)  -> (artifact id: '65c91c2fe60b2b5bb9082694ed3d78ec') in 0.012779 seconds
Number of updated asset objects reloaded before import = 0
Number of asset objects unloaded after import = 3
========================================================================
Received Import Request.
  Time since last request: 0.000031 seconds.
  path: Assets/Packages/System.Runtime.CompilerServices.Unsafe.6.0.0/LICENSE.TXT
  artifactKey: Guid(d0edcb07c8d3f4dde98c463dd22ea89b) Importer(2089858483,0ecaa5967403d082aa24f35e1b516d23)
Start importing Assets/Packages/System.Runtime.CompilerServices.Unsafe.6.0.0/LICENSE.TXT using Guid(d0edcb07c8d3f4dde98c463dd22ea89b) Importer(2089858483,0ecaa5967403d082aa24f35e1b516d23)  -> (artifact id: '0dce20dca8b0b217ee4b98790df864c4') in 0.002393 seconds
Number of updated asset objects reloaded before import = 0
Number of asset objects unloaded after import = 1
========================================================================
Received Import Request.
  Time since last request: 0.000094 seconds.
  path: Assets/Packages/Microsoft.Bcl.AsyncInterfaces.7.0.0/LICENSE.TXT
  artifactKey: Guid(04e048223564f456e88df29ceab6d3cb) Importer(2089858483,0ecaa5967403d082aa24f35e1b516d23)
Start importing Assets/Packages/Microsoft.Bcl.AsyncInterfaces.7.0.0/LICENSE.TXT using Guid(04e048223564f456e88df29ceab6d3cb) Importer(2089858483,0ecaa5967403d082aa24f35e1b516d23)  -> (artifact id: '80ba0688095ab2e12e52fb630937a406') in 0.001620 seconds
Number of updated asset objects reloaded before import = 0
Number of asset objects unloaded after import = 1
========================================================================
Received Import Request.
  Time since last request: 0.000121 seconds.
  path: Assets/TextMesh Pro/Shaders/TMP_SDF Overlay.shader
  artifactKey: Guid(dd89cf5b9246416f84610a006f916af7) Importer(2089858483,0ecaa5967403d082aa24f35e1b516d23)
Start importing Assets/TextMesh Pro/Shaders/TMP_SDF Overlay.shader using Guid(dd89cf5b9246416f84610a006f916af7) Importer(2089858483,0ecaa5967403d082aa24f35e1b516d23)  -> (artifact id: 'f8cdf6fd2bf4cdec39ba7065727ba2fa') in 0.003234 seconds
Number of updated asset objects reloaded before import = 0
Number of asset objects unloaded after import = 1
========================================================================
Received Import Request.
  Time since last request: 0.000079 seconds.
  path: Assets/TextMesh Pro/Shaders/TMP_SDF-Mobile.shader
  artifactKey: Guid(fe393ace9b354375a9cb14cdbbc28be4) Importer(2089858483,0ecaa5967403d082aa24f35e1b516d23)
Start importing Assets/TextMesh Pro/Shaders/TMP_SDF-Mobile.shader using Guid(fe393ace9b354375a9cb14cdbbc28be4) Importer(2089858483,0ecaa5967403d082aa24f35e1b516d23)  -> (artifact id: '30d71ba37cdbcbbf4aef1c6161c571a6') in 0.003002 seconds
Number of updated asset objects reloaded before import = 0
Number of asset objects unloaded after import = 1
========================================================================
Received Import Request.
  Time since last request: 0.000064 seconds.
  path: Assets/TextMesh Pro/Resources/TMP Settings.asset
  artifactKey: Guid(3f5b5dff67a942289a9defa416b206f3) Importer(2089858483,0ecaa5967403d082aa24f35e1b516d23)
Start importing Assets/TextMesh Pro/Resources/TMP Settings.asset using Guid(3f5b5dff67a942289a9defa416b206f3) Importer(2089858483,0ecaa5967403d082aa24f35e1b516d23)  -> (artifact id: '8369d4f553701b47c7d34a5e220962d2') in 0.035264 seconds
Number of updated asset objects reloaded before import = 0
Number of asset objects unloaded after import = 15
========================================================================
Received Import Request.
  Time since last request: 0.000046 seconds.
  path: Assets/TextMesh Pro/Resources/Style Sheets/Default Style Sheet.asset
  artifactKey: Guid(f952c082cb03451daed3ee968ac6c63e) Importer(2089858483,0ecaa5967403d082aa24f35e1b516d23)
Start importing Assets/TextMesh Pro/Resources/Style Sheets/Default Style Sheet.asset using Guid(f952c082cb03451daed3ee968ac6c63e) Importer(2089858483,0ecaa5967403d082aa24f35e1b516d23)  -> (artifact id: '0e1381b91558d6d3da387b853bf21af0') in 0.002301 seconds
Number of updated asset objects reloaded before import = 0
Number of asset objects unloaded after import = 1
========================================================================
Received Import Request.
  Time since last request: 0.000094 seconds.
  path: Assets/TextMesh Pro/Resources/Fonts & Materials/LiberationSans SDF.asset
  artifactKey: Guid(8f586378b4e144a9851e7b34d9b748ee) Importer(2089858483,0ecaa5967403d082aa24f35e1b516d23)
Start importing Assets/TextMesh Pro/Resources/Fonts & Materials/LiberationSans SDF.asset using Guid(8f586378b4e144a9851e7b34d9b748ee) Importer(2089858483,0ecaa5967403d082aa24f35e1b516d23)  -> (artifact id: 'fd5e838cfcac1a9fce82cff80047ccdd') in 0.034980 seconds
Number of updated asset objects reloaded before import = 0
Number of asset objects unloaded after import = 8
========================================================================
Received Import Request.
  Time since last request: 0.000038 seconds.
  path: Assets/Packages/System.Text.Encodings.Web.7.0.0/buildTransitive/net461/System.Text.Encodings.Web.targets
  artifactKey: Guid(cd5ae02ea387f4c849d34fbb62d1c3cc) Importer(2089858483,0ecaa5967403d082aa24f35e1b516d23)
Start importing Assets/Packages/System.Text.Encodings.Web.7.0.0/buildTransitive/net461/System.Text.Encodings.Web.targets using Guid(cd5ae02ea387f4c849d34fbb62d1c3cc) Importer(2089858483,0ecaa5967403d082aa24f35e1b516d23)  -> (artifact id: '35dce2a9de016e554b6cddc9eaf50615') in 0.001701 seconds
Number of updated asset objects reloaded before import = 0
Number of asset objects unloaded after import = 1
========================================================================
Received Import Request.
  Time since last request: 0.000117 seconds.
  path: Assets/Packages/SocketIOClient.3.1.1/SocketIOClient.nuspec
  artifactKey: Guid(c2ebd7528d8c54bdcbd918fc65c9298f) Importer(2089858483,0ecaa5967403d082aa24f35e1b516d23)
Start importing Assets/Packages/SocketIOClient.3.1.1/SocketIOClient.nuspec using Guid(c2ebd7528d8c54bdcbd918fc65c9298f) Importer(2089858483,0ecaa5967403d082aa24f35e1b516d23)  -> (artifact id: '71ab56035492b60c15c45fbc9f77ee74') in 0.001610 seconds
Number of updated asset objects reloaded before import = 0
Number of asset objects unloaded after import = 1
========================================================================
Received Import Request.
  Time since last request: 0.000077 seconds.
  path: Assets/Packages/System.Runtime.CompilerServices.Unsafe.6.0.0/useSharedDesignerContext.txt
  artifactKey: Guid(ae484c2578136432696e94721f020d28) Importer(2089858483,0ecaa5967403d082aa24f35e1b516d23)
Start importing Assets/Packages/System.Runtime.CompilerServices.Unsafe.6.0.0/useSharedDesignerContext.txt using Guid(ae484c2578136432696e94721f020d28) Importer(2089858483,0ecaa5967403d082aa24f35e1b516d23)  -> (artifact id: 'df7b666e15dfb539c7cbd303ac8cebc8') in 0.002129 seconds
Number of updated asset objects reloaded before import = 0
Number of asset objects unloaded after import = 1
========================================================================
Received Import Request.
  Time since last request: 0.000072 seconds.
  path: Assets/TextMesh Pro/Resources/Sprite Assets/EmojiOne.asset
  artifactKey: Guid(c41005c129ba4d66911b75229fd70b45) Importer(2089858483,0ecaa5967403d082aa24f35e1b516d23)
Start importing Assets/TextMesh Pro/Resources/Sprite Assets/EmojiOne.asset using Guid(c41005c129ba4d66911b75229fd70b45) Importer(2089858483,0ecaa5967403d082aa24f35e1b516d23)  -> (artifact id: '4043ed00d6f89adb7a09366ae924b181') in 0.005143 seconds
Number of updated asset objects reloaded before import = 0
Number of asset objects unloaded after import = 3
========================================================================
Received Import Request.
  Time since last request: 0.000042 seconds.
  path: Assets/Packages/System.Text.Json.7.0.3/THIRD-PARTY-NOTICES.TXT
  artifactKey: Guid(d754812c1c74a49b0a358a559af8cd34) Importer(2089858483,0ecaa5967403d082aa24f35e1b516d23)
Start importing Assets/Packages/System.Text.Json.7.0.3/THIRD-PARTY-NOTICES.TXT using Guid(d754812c1c74a49b0a358a559af8cd34) Importer(2089858483,0ecaa5967403d082aa24f35e1b516d23)  -> (artifact id: 'c4e46d06f1481b1d901a4c5f2509e41f') in 0.002310 seconds
Number of updated asset objects reloaded before import = 0
Number of asset objects unloaded after import = 1
========================================================================
Received Import Request.
  Time since last request: 0.000085 seconds.
  path: Assets/Packages/SocketIOClient.3.1.1/lib/netstandard2.0/SocketIOClient.xml
  artifactKey: Guid(73637456e947f4b29b0e894c7ba5e0e7) Importer(2089858483,0ecaa5967403d082aa24f35e1b516d23)
Start importing Assets/Packages/SocketIOClient.3.1.1/lib/netstandard2.0/SocketIOClient.xml using Guid(73637456e947f4b29b0e894c7ba5e0e7) Importer(2089858483,0ecaa5967403d082aa24f35e1b516d23)  -> (artifact id: 'ebc2c12e15d6116e0560254d7fdf1c1e') in 0.002581 seconds
Number of updated asset objects reloaded before import = 0
Number of asset objects unloaded after import = 1
========================================================================
Received Import Request.
  Time since last request: 0.000080 seconds.
  path: Assets/EventReceiver.cs
  artifactKey: Guid(e165fbd318b764a1b979363f8ddea32b) Importer(2089858483,0ecaa5967403d082aa24f35e1b516d23)
Start importing Assets/EventReceiver.cs using Guid(e165fbd318b764a1b979363f8ddea32b) Importer(2089858483,0ecaa5967403d082aa24f35e1b516d23)  -> (artifact id: '82c858789aea939e2a3cbd9c6d2af0b8') in 0.002140 seconds
Number of updated asset objects reloaded before import = 0
Number of asset objects unloaded after import = 1
========================================================================
Received Import Request.
  Time since last request: 0.000110 seconds.
  path: Assets/TextMesh Pro/Shaders/TMP_SDF-Surface.shader
  artifactKey: Guid(f7ada0af4f174f0694ca6a487b8f543d) Importer(2089858483,0ecaa5967403d082aa24f35e1b516d23)
Start importing Assets/TextMesh Pro/Shaders/TMP_SDF-Surface.shader using Guid(f7ada0af4f174f0694ca6a487b8f543d) Importer(2089858483,0ecaa5967403d082aa24f35e1b516d23)  -> (artifact id: 'c4f9f3a7969551f9f2e8ced7e3bcba9f') in 0.002690 seconds
Number of updated asset objects reloaded before import = 0
Number of asset objects unloaded after import = 1
========================================================================
Received Import Request.
  Time since last request: 0.000112 seconds.
  path: Assets/Packages/Newtonsoft.Json.13.0.3/Newtonsoft.Json.nuspec
  artifactKey: Guid(eb867bbbb3009427a8904cfea45c88c6) Importer(2089858483,0ecaa5967403d082aa24f35e1b516d23)
Start importing Assets/Packages/Newtonsoft.Json.13.0.3/Newtonsoft.Json.nuspec using Guid(eb867bbbb3009427a8904cfea45c88c6) Importer(2089858483,0ecaa5967403d082aa24f35e1b516d23)  -> (artifact id: 'bcbaaaeae4d464af87f9dfb9cb91559e') in 0.001387 seconds
Number of updated asset objects reloaded before import = 0
Number of asset objects unloaded after import = 1
========================================================================
Received Import Request.
  Time since last request: 0.000103 seconds.
  path: Assets/TextMesh Pro/Shaders/TMPro_Properties.cginc
  artifactKey: Guid(3997e2241185407d80309a82f9148466) Importer(2089858483,0ecaa5967403d082aa24f35e1b516d23)
Start importing Assets/TextMesh Pro/Shaders/TMPro_Properties.cginc using Guid(3997e2241185407d80309a82f9148466) Importer(2089858483,0ecaa5967403d082aa24f35e1b516d23)  -> (artifact id: 'cea5b2387439ae20da9701e86768dac8') in 0.001753 seconds
Number of updated asset objects reloaded before import = 0
Number of asset objects unloaded after import = 1
========================================================================
Received Import Request.
  Time since last request: 0.000064 seconds.
  path: Assets/TextMesh Pro/Shaders/TMP_SDF.shader
  artifactKey: Guid(68e6db2ebdc24f95958faec2be5558d6) Importer(2089858483,0ecaa5967403d082aa24f35e1b516d23)
Start importing Assets/TextMesh Pro/Shaders/TMP_SDF.shader using Guid(68e6db2ebdc24f95958faec2be5558d6) Importer(2089858483,0ecaa5967403d082aa24f35e1b516d23)  -> (artifact id: '9eacfa0108842d79081ca6a48a5b8c3a') in 0.003990 seconds
Number of updated asset objects reloaded before import = 0
Number of asset objects unloaded after import = 1
========================================================================
Received Import Request.
  Time since last request: 0.000137 seconds.
  path: Assets/TextMesh Pro/Shaders/TMP_SDF-Surface-Mobile.shader
  artifactKey: Guid(85187c2149c549c5b33f0cdb02836b17) Importer(2089858483,0ecaa5967403d082aa24f35e1b516d23)
Start importing Assets/TextMesh Pro/Shaders/TMP_SDF-Surface-Mobile.shader using Guid(85187c2149c549c5b33f0cdb02836b17) Importer(2089858483,0ecaa5967403d082aa24f35e1b516d23)  -> (artifact id: '78d2c32d87e57e674f39a9b5c7175e91') in 0.003137 seconds
Number of updated asset objects reloaded before import = 0
Number of asset objects unloaded after import = 1
========================================================================
Received Import Request.
  Time since last request: 0.147201 seconds.
  path: Assets/Packages/System.Text.Json.7.0.3/buildTransitive/netcoreapp2.0/System.Text.Json.targets
  artifactKey: Guid(9c29159c797a449c5971243702e1b31b) Importer(2089858483,0ecaa5967403d082aa24f35e1b516d23)
Start importing Assets/Packages/System.Text.Json.7.0.3/buildTransitive/netcoreapp2.0/System.Text.Json.targets using Guid(9c29159c797a449c5971243702e1b31b) Importer(2089858483,0ecaa5967403d082aa24f35e1b516d23)  -> (artifact id: '95ebb84a3d2e0e4671343e94c9811bd8') in 0.003248 seconds
Number of updated asset objects reloaded before import = 0
Number of asset objects unloaded after import = 1
========================================================================
Received Import Request.
  Time since last request: 0.000097 seconds.
  path: Assets/Packages/System.Text.Json.7.0.3/analyzers/dotnet/roslyn4.4/cs/es/System.Text.Json.SourceGeneration.resources.dll
  artifactKey: Guid(57d93c43e64b74edea4bfb048ecc81ee) Importer(2089858483,0ecaa5967403d082aa24f35e1b516d23)
Start importing Assets/Packages/System.Text.Json.7.0.3/analyzers/dotnet/roslyn4.4/cs/es/System.Text.Json.SourceGeneration.resources.dll using Guid(57d93c43e64b74edea4bfb048ecc81ee) Importer(2089858483,0ecaa5967403d082aa24f35e1b516d23)  -> (artifact id: 'c85105930e29a6862d1650ed4352e0ee') in 0.004288 seconds
Number of updated asset objects reloaded before import = 0
Number of asset objects unloaded after import = 1
========================================================================
Received Import Request.
  Time since last request: 0.000108 seconds.
  path: Assets/Packages/System.Text.Json.7.0.3/analyzers/dotnet/roslyn3.11/cs/zh-Hant/System.Text.Json.SourceGeneration.resources.dll
  artifactKey: Guid(63d3d135a36dd479bab339820a463b0e) Importer(2089858483,0ecaa5967403d082aa24f35e1b516d23)
Start importing Assets/Packages/System.Text.Json.7.0.3/analyzers/dotnet/roslyn3.11/cs/zh-Hant/System.Text.Json.SourceGeneration.resources.dll using Guid(63d3d135a36dd479bab339820a463b0e) Importer(2089858483,0ecaa5967403d082aa24f35e1b516d23)  -> (artifact id: 'cb208f8493aa50f774ed2e73acad3d72') in 0.004741 seconds
Number of updated asset objects reloaded before import = 0
Number of asset objects unloaded after import = 1
========================================================================
Received Import Request.
  Time since last request: 0.000081 seconds.
  path: Assets/Packages/System.Text.Json.7.0.3/analyzers/dotnet/roslyn4.4/cs/pl/System.Text.Json.SourceGeneration.resources.dll
  artifactKey: Guid(d49162991e400465caa462a7f4e6696d) Importer(2089858483,0ecaa5967403d082aa24f35e1b516d23)
Start importing Assets/Packages/System.Text.Json.7.0.3/analyzers/dotnet/roslyn4.4/cs/pl/System.Text.Json.SourceGeneration.resources.dll using Guid(d49162991e400465caa462a7f4e6696d) Importer(2089858483,0ecaa5967403d082aa24f35e1b516d23)  -> (artifact id: 'a50224883c5ad60d34d5a106b7443462') in 0.003721 seconds
Number of updated asset objects reloaded before import = 0
Number of asset objects unloaded after import = 1
========================================================================
Received Import Request.
  Time since last request: 0.000086 seconds.
  path: Assets/Packages/System.Text.Json.7.0.3/analyzers/dotnet/roslyn4.4/cs/it/System.Text.Json.SourceGeneration.resources.dll
  artifactKey: Guid(91de32c54455e4e3b8098924f3d61ceb) Importer(2089858483,0ecaa5967403d082aa24f35e1b516d23)
Start importing Assets/Packages/System.Text.Json.7.0.3/analyzers/dotnet/roslyn4.4/cs/it/System.Text.Json.SourceGeneration.resources.dll using Guid(91de32c54455e4e3b8098924f3d61ceb) Importer(2089858483,0ecaa5967403d082aa24f35e1b516d23)  -> (artifact id: '9b4ba02f4bd1c4b19a2770fbacaa9215') in 0.003533 seconds
Number of updated asset objects reloaded before import = 0
Number of asset objects unloaded after import = 1
========================================================================
Received Import Request.
  Time since last request: 0.000113 seconds.
  path: Assets/Packages/System.Text.Json.7.0.3/analyzers/dotnet/roslyn4.4/cs/pt-BR/System.Text.Json.SourceGeneration.resources.dll
  artifactKey: Guid(1a14d736a458941229c94d240b6ac820) Importer(2089858483,0ecaa5967403d082aa24f35e1b516d23)
Start importing Assets/Packages/System.Text.Json.7.0.3/analyzers/dotnet/roslyn4.4/cs/pt-BR/System.Text.Json.SourceGeneration.resources.dll using Guid(1a14d736a458941229c94d240b6ac820) Importer(2089858483,0ecaa5967403d082aa24f35e1b516d23)  -> (artifact id: '8238e2a24432a0b8a1d6e52ec7ee573e') in 0.004184 seconds
Number of updated asset objects reloaded before import = 0
Number of asset objects unloaded after import = 1
========================================================================
Received Import Request.
  Time since last request: 0.000068 seconds.
  path: Assets/Packages/System.Text.Json.7.0.3/analyzers/dotnet/roslyn4.0/cs/pt-BR/System.Text.Json.SourceGeneration.resources.dll
  artifactKey: Guid(c1b3c0ddc02264a74bacf5264968ffa5) Importer(2089858483,0ecaa5967403d082aa24f35e1b516d23)
Start importing Assets/Packages/System.Text.Json.7.0.3/analyzers/dotnet/roslyn4.0/cs/pt-BR/System.Text.Json.SourceGeneration.resources.dll using Guid(c1b3c0ddc02264a74bacf5264968ffa5) Importer(2089858483,0ecaa5967403d082aa24f35e1b516d23)  -> (artifact id: '8ff941b3cc0645b937bc44d1eac6a0ca') in 0.003579 seconds
Number of updated asset objects reloaded before import = 0
Number of asset objects unloaded after import = 1
========================================================================
Received Import Request.
  Time since last request: 0.000061 seconds.
  path: Assets/Packages/System.Text.Json.7.0.3/analyzers/dotnet/roslyn3.11/cs/cs/System.Text.Json.SourceGeneration.resources.dll
  artifactKey: Guid(35630a3ec4e44477faa0291d014f3858) Importer(2089858483,0ecaa5967403d082aa24f35e1b516d23)
Start importing Assets/Packages/System.Text.Json.7.0.3/analyzers/dotnet/roslyn3.11/cs/cs/System.Text.Json.SourceGeneration.resources.dll using Guid(35630a3ec4e44477faa0291d014f3858) Importer(2089858483,0ecaa5967403d082aa24f35e1b516d23)  -> (artifact id: 'b4fee3839486a9e52b75dac66e8b4b91') in 0.003878 seconds
Number of updated asset objects reloaded before import = 0
Number of asset objects unloaded after import = 1
========================================================================
Received Import Request.
  Time since last request: 0.000044 seconds.
  path: Assets/Packages/System.Text.Json.7.0.3/analyzers/dotnet/roslyn3.11/cs/ru/System.Text.Json.SourceGeneration.resources.dll
  artifactKey: Guid(36fd3923ec5d7497c845ceba1c4e278f) Importer(2089858483,0ecaa5967403d082aa24f35e1b516d23)
Start importing Assets/Packages/System.Text.Json.7.0.3/analyzers/dotnet/roslyn3.11/cs/ru/System.Text.Json.SourceGeneration.resources.dll using Guid(36fd3923ec5d7497c845ceba1c4e278f) Importer(2089858483,0ecaa5967403d082aa24f35e1b516d23)  -> (artifact id: '7e7c3019a652e0422731f7f575241e76') in 0.003264 seconds
Number of updated asset objects reloaded before import = 0
Number of asset objects unloaded after import = 1
========================================================================
Received Import Request.
  Time since last request: 0.000085 seconds.
  path: Assets/Packages/System.Text.Json.7.0.3/analyzers/dotnet/roslyn4.4/cs/System.Text.Json.SourceGeneration.dll
  artifactKey: Guid(b14ea1d7ec0ad4602827131f8de46592) Importer(2089858483,0ecaa5967403d082aa24f35e1b516d23)
Start importing Assets/Packages/System.Text.Json.7.0.3/analyzers/dotnet/roslyn4.4/cs/System.Text.Json.SourceGeneration.dll using Guid(b14ea1d7ec0ad4602827131f8de46592) Importer(2089858483,0ecaa5967403d082aa24f35e1b516d23)  -> (artifact id: '169a76aad3516ae9877b1e7524dc5997') in 0.002958 seconds
Number of updated asset objects reloaded before import = 0
Number of asset objects unloaded after import = 1
========================================================================
Received Import Request.
  Time since last request: 0.000122 seconds.
  path: Assets/Packages/System.Text.Json.7.0.3/analyzers/dotnet/roslyn4.0/cs/de/System.Text.Json.SourceGeneration.resources.dll
  artifactKey: Guid(bf479c3416ed84afbba4667ca2f9eecf) Importer(2089858483,0ecaa5967403d082aa24f35e1b516d23)
Start importing Assets/Packages/System.Text.Json.7.0.3/analyzers/dotnet/roslyn4.0/cs/de/System.Text.Json.SourceGeneration.resources.dll using Guid(bf479c3416ed84afbba4667ca2f9eecf) Importer(2089858483,0ecaa5967403d082aa24f35e1b516d23)  -> (artifact id: 'e493aa9d2c19277331bb9d992dcb368f') in 0.003866 seconds
Number of updated asset objects reloaded before import = 0
Number of asset objects unloaded after import = 1
========================================================================
Received Import Request.
  Time since last request: 0.000110 seconds.
  path: Assets/Packages/System.Text.Json.7.0.3/analyzers/dotnet/roslyn3.11/cs/ko/System.Text.Json.SourceGeneration.resources.dll
  artifactKey: Guid(53cfdd1e5d9ea4826b509db09c2ffb57) Importer(2089858483,0ecaa5967403d082aa24f35e1b516d23)
Start importing Assets/Packages/System.Text.Json.7.0.3/analyzers/dotnet/roslyn3.11/cs/ko/System.Text.Json.SourceGeneration.resources.dll using Guid(53cfdd1e5d9ea4826b509db09c2ffb57) Importer(2089858483,0ecaa5967403d082aa24f35e1b516d23)  -> (artifact id: '907ff9b6e7e6bf61c4a10722f28aa94b') in 0.002914 seconds
Number of updated asset objects reloaded before import = 0
Number of asset objects unloaded after import = 1
========================================================================
Received Import Request.
  Time since last request: 0.000085 seconds.
  path: Assets/Packages/System.Text.Json.7.0.3/analyzers/dotnet/roslyn3.11/cs/fr/System.Text.Json.SourceGeneration.resources.dll
  artifactKey: Guid(14394154af2ce483ab3ffc4d83012452) Importer(2089858483,0ecaa5967403d082aa24f35e1b516d23)
Start importing Assets/Packages/System.Text.Json.7.0.3/analyzers/dotnet/roslyn3.11/cs/fr/System.Text.Json.SourceGeneration.resources.dll using Guid(14394154af2ce483ab3ffc4d83012452) Importer(2089858483,0ecaa5967403d082aa24f35e1b516d23)  -> (artifact id: '687c343051892dd044cbb34a99949bdc') in 0.004251 seconds
Number of updated asset objects reloaded before import = 0
Number of asset objects unloaded after import = 1
========================================================================
Received Import Request.
  Time since last request: 0.000063 seconds.
  path: Assets/Packages/System.Text.Json.7.0.3/analyzers/dotnet/roslyn4.0/cs/cs/System.Text.Json.SourceGeneration.resources.dll
  artifactKey: Guid(923effe64cef049ecaa2b0753ec940be) Importer(2089858483,0ecaa5967403d082aa24f35e1b516d23)
Start importing Assets/Packages/System.Text.Json.7.0.3/analyzers/dotnet/roslyn4.0/cs/cs/System.Text.Json.SourceGeneration.resources.dll using Guid(923effe64cef049ecaa2b0753ec940be) Importer(2089858483,0ecaa5967403d082aa24f35e1b516d23)  -> (artifact id: 'a1ee0c3fef4d5e429cb43612ed673bfc') in 0.003250 seconds
Number of updated asset objects reloaded before import = 0
Number of asset objects unloaded after import = 1
========================================================================
Received Import Request.
  Time since last request: 0.000071 seconds.
  path: Assets/Packages/System.Text.Json.7.0.3/analyzers/dotnet/roslyn4.4/cs/zh-Hant/System.Text.Json.SourceGeneration.resources.dll
  artifactKey: Guid(5351d8a7991824bf1b4411009b8ea9f3) Importer(2089858483,0ecaa5967403d082aa24f35e1b516d23)
Start importing Assets/Packages/System.Text.Json.7.0.3/analyzers/dotnet/roslyn4.4/cs/zh-Hant/System.Text.Json.SourceGeneration.resources.dll using Guid(5351d8a7991824bf1b4411009b8ea9f3) Importer(2089858483,0ecaa5967403d082aa24f35e1b516d23)  -> (artifact id: 'f6ad0620ad401507bc13b3935f792dcd') in 0.003088 seconds
Number of updated asset objects reloaded before import = 0
Number of asset objects unloaded after import = 1
========================================================================
Received Import Request.
  Time since last request: 0.000101 seconds.
  path: Assets/Packages/System.Text.Json.7.0.3/analyzers/dotnet/roslyn3.11/cs/es/System.Text.Json.SourceGeneration.resources.dll
  artifactKey: Guid(403ddc3341df244bb9793d77918ea5f9) Importer(2089858483,0ecaa5967403d082aa24f35e1b516d23)
Start importing Assets/Packages/System.Text.Json.7.0.3/analyzers/dotnet/roslyn3.11/cs/es/System.Text.Json.SourceGeneration.resources.dll using Guid(403ddc3341df244bb9793d77918ea5f9) Importer(2089858483,0ecaa5967403d082aa24f35e1b516d23)  -> (artifact id: 'b7c0e6bff8168104990778b180786c9c') in 0.004780 seconds
Number of updated asset objects reloaded before import = 0
Number of asset objects unloaded after import = 1
========================================================================
Received Import Request.
  Time since last request: 0.000096 seconds.
  path: Assets/Packages/System.Text.Json.7.0.3/analyzers/dotnet/roslyn3.11/cs/it/System.Text.Json.SourceGeneration.resources.dll
  artifactKey: Guid(313591c294cb1452cafd90b9d994c1e1) Importer(2089858483,0ecaa5967403d082aa24f35e1b516d23)
Start importing Assets/Packages/System.Text.Json.7.0.3/analyzers/dotnet/roslyn3.11/cs/it/System.Text.Json.SourceGeneration.resources.dll using Guid(313591c294cb1452cafd90b9d994c1e1) Importer(2089858483,0ecaa5967403d082aa24f35e1b516d23)  -> (artifact id: '3bcd511e6f328825b2b3d1f607058360') in 0.003765 seconds
Number of updated asset objects reloaded before import = 0
Number of asset objects unloaded after import = 1
========================================================================
Received Import Request.
  Time since last request: 0.000112 seconds.
  path: Assets/Packages/System.Text.Json.7.0.3/analyzers/dotnet/roslyn4.4/cs/tr/System.Text.Json.SourceGeneration.resources.dll
  artifactKey: Guid(6f7360a86e9c446daa10c694a9cf4b52) Importer(2089858483,0ecaa5967403d082aa24f35e1b516d23)
Start importing Assets/Packages/System.Text.Json.7.0.3/analyzers/dotnet/roslyn4.4/cs/tr/System.Text.Json.SourceGeneration.resources.dll using Guid(6f7360a86e9c446daa10c694a9cf4b52) Importer(2089858483,0ecaa5967403d082aa24f35e1b516d23)  -> (artifact id: '4be95633d690d9e3da130fc25f665366') in 0.003087 seconds
Number of updated asset objects reloaded before import = 0
Number of asset objects unloaded after import = 1
========================================================================
Received Import Request.
  Time since last request: 0.000106 seconds.
  path: Assets/Packages/System.Text.Json.7.0.3/analyzers/dotnet/roslyn4.0/cs/tr/System.Text.Json.SourceGeneration.resources.dll
  artifactKey: Guid(0ed4df0b7f45d4fa1a660c4983ece372) Importer(2089858483,0ecaa5967403d082aa24f35e1b516d23)
Start importing Assets/Packages/System.Text.Json.7.0.3/analyzers/dotnet/roslyn4.0/cs/tr/System.Text.Json.SourceGeneration.resources.dll using Guid(0ed4df0b7f45d4fa1a660c4983ece372) Importer(2089858483,0ecaa5967403d082aa24f35e1b516d23)  -> (artifact id: '365446c74d41067262da679103d3abea') in 0.004291 seconds
Number of updated asset objects reloaded before import = 0
Number of asset objects unloaded after import = 1
========================================================================
Received Import Request.
  Time since last request: 0.000106 seconds.
  path: Assets/Packages/System.Text.Json.7.0.3/analyzers/dotnet/roslyn3.11/cs/pl/System.Text.Json.SourceGeneration.resources.dll
  artifactKey: Guid(4f8157e2d06cf48d3b837bad675a2446) Importer(2089858483,0ecaa5967403d082aa24f35e1b516d23)
Start importing Assets/Packages/System.Text.Json.7.0.3/analyzers/dotnet/roslyn3.11/cs/pl/System.Text.Json.SourceGeneration.resources.dll using Guid(4f8157e2d06cf48d3b837bad675a2446) Importer(2089858483,0ecaa5967403d082aa24f35e1b516d23)  -> (artifact id: 'b445cf8fda9e136eb6cb9e72d1cd8a67') in 0.002910 seconds
Number of updated asset objects reloaded before import = 0
Number of asset objects unloaded after import = 1
========================================================================
Received Import Request.
  Time since last request: 0.000070 seconds.
  path: Assets/Packages/System.Text.Json.7.0.3/analyzers/dotnet/roslyn4.0/cs/ko/System.Text.Json.SourceGeneration.resources.dll
  artifactKey: Guid(2929e04d70199459f9ae8cb6ec15f7c3) Importer(2089858483,0ecaa5967403d082aa24f35e1b516d23)
Start importing Assets/Packages/System.Text.Json.7.0.3/analyzers/dotnet/roslyn4.0/cs/ko/System.Text.Json.SourceGeneration.resources.dll using Guid(2929e04d70199459f9ae8cb6ec15f7c3) Importer(2089858483,0ecaa5967403d082aa24f35e1b516d23)  -> (artifact id: 'd7f61010010e462e731799236d3e5aef') in 0.003782 seconds
Number of updated asset objects reloaded before import = 0
Number of asset objects unloaded after import = 1
========================================================================
Received Import Request.
  Time since last request: 0.000105 seconds.
  path: Assets/Packages/System.Text.Json.7.0.3/analyzers/dotnet/roslyn4.0/cs/pl/System.Text.Json.SourceGeneration.resources.dll
  artifactKey: Guid(0fe382b1a4d6248e3828ee02770d9c77) Importer(2089858483,0ecaa5967403d082aa24f35e1b516d23)
Start importing Assets/Packages/System.Text.Json.7.0.3/analyzers/dotnet/roslyn4.0/cs/pl/System.Text.Json.SourceGeneration.resources.dll using Guid(0fe382b1a4d6248e3828ee02770d9c77) Importer(2089858483,0ecaa5967403d082aa24f35e1b516d23)  -> (artifact id: '51236a048594eb425bb3daa2c6b4f256') in 0.003019 seconds
Number of updated asset objects reloaded before import = 0
Number of asset objects unloaded after import = 1
========================================================================
Received Import Request.
  Time since last request: 0.000108 seconds.
  path: Assets/Packages/System.Text.Json.7.0.3/lib/netstandard2.0/System.Text.Json.dll
  artifactKey: Guid(1609d0be627094747ae2064eabd43b37) Importer(2089858483,0ecaa5967403d082aa24f35e1b516d23)
Start importing Assets/Packages/System.Text.Json.7.0.3/lib/netstandard2.0/System.Text.Json.dll using Guid(1609d0be627094747ae2064eabd43b37) Importer(2089858483,0ecaa5967403d082aa24f35e1b516d23)  -> (artifact id: '399df925507d79d3d44f474fb225a28f') in 0.003447 seconds
Number of updated asset objects reloaded before import = 0
Number of asset objects unloaded after import = 1
